============================= test session starts =============================
platform win32 -- Python 3.13.5, pytest-9.0.2, pluggy-1.6.0
rootdir: d:\coeus\pycoeus
configfile: pyproject.toml
collected 8 items

tests\test_nn_layers_parity.py FFFFFFFF                                  [100%]

================================== FAILURES ===================================
____________________________ test_maxpool2d_parity ____________________________

    def test_maxpool2d_parity():
        input_np = np.random.randn(2, 3, 8, 8).astype(np.float32)
        input_t = torch.from_numpy(input_np)
>       input_c = coeus.Tensor(input_np)
                  ^^^^^^^^^^^^^^^^^^^^^^
E       TypeError: Tensor.__new__() missing 1 required positional argument: 'shape'

tests\test_nn_layers_parity.py:9: TypeError
____________________________ test_avgpool2d_parity ____________________________

    def test_avgpool2d_parity():
        input_np = np.random.randn(2, 3, 8, 8).astype(np.float32)
        input_t = torch.from_numpy(input_np)
>       input_c = coeus.Tensor(input_np)
                  ^^^^^^^^^^^^^^^^^^^^^^
E       TypeError: Tensor.__new__() missing 1 required positional argument: 'shape'

tests\test_nn_layers_parity.py:22: TypeError
_______________________ test_adaptive_avgpool2d_parity ________________________

    def test_adaptive_avgpool2d_parity():
        input_np = np.random.randn(2, 3, 8, 8).astype(np.float32)
        input_t = torch.from_numpy(input_np)
>       input_c = coeus.Tensor(input_np)
                  ^^^^^^^^^^^^^^^^^^^^^^
E       TypeError: Tensor.__new__() missing 1 required positional argument: 'shape'

tests\test_nn_layers_parity.py:35: TypeError
____________________________ test_layernorm_parity ____________________________

    def test_layernorm_parity():
        input_np = np.random.randn(2, 10, 20).astype(np.float32)
        input_t = torch.from_numpy(input_np)
>       input_c = coeus.Tensor(input_np)
                  ^^^^^^^^^^^^^^^^^^^^^^
E       TypeError: Tensor.__new__() missing 1 required positional argument: 'shape'

tests\test_nn_layers_parity.py:48: TypeError
_______________________________ test_rnn_parity _______________________________

    def test_rnn_parity():
        input_np = np.random.randn(5, 3, 10).astype(np.float32) # (seq, batch, input)
        input_t = torch.from_numpy(input_np)
>       input_c = coeus.Tensor(input_np)
                  ^^^^^^^^^^^^^^^^^^^^^^
E       TypeError: Tensor.__new__() missing 1 required positional argument: 'shape'

tests\test_nn_layers_parity.py:67: TypeError
______________________________ test_lstm_parity _______________________________

    def test_lstm_parity():
        input_np = np.random.randn(5, 3, 10).astype(np.float32) # (seq, batch, input)
        input_t = torch.from_numpy(input_np)
>       input_c = coeus.Tensor(input_np)
                  ^^^^^^^^^^^^^^^^^^^^^^
E       TypeError: Tensor.__new__() missing 1 required positional argument: 'shape'

tests\test_nn_layers_parity.py:82: TypeError
_______________________________ test_gru_parity _______________________________

    def test_gru_parity():
        input_np = np.random.randn(5, 3, 10).astype(np.float32) # (seq, batch, input)
        input_t = torch.from_numpy(input_np)
>       input_c = coeus.Tensor(input_np)
                  ^^^^^^^^^^^^^^^^^^^^^^
E       TypeError: Tensor.__new__() missing 1 required positional argument: 'shape'

tests\test_nn_layers_parity.py:97: TypeError
___________________________ test_activations_parity ___________________________

    def test_activations_parity():
        input_np = np.random.randn(5, 5).astype(np.float32)
        input_t = torch.from_numpy(input_np)
>       input_c = coeus.Tensor(input_np)
                  ^^^^^^^^^^^^^^^^^^^^^^
E       TypeError: Tensor.__new__() missing 1 required positional argument: 'shape'

tests\test_nn_layers_parity.py:111: TypeError
=========================== short test summary info ===========================
FAILED tests/test_nn_layers_parity.py::test_maxpool2d_parity - TypeError: Ten...
FAILED tests/test_nn_layers_parity.py::test_avgpool2d_parity - TypeError: Ten...
FAILED tests/test_nn_layers_parity.py::test_adaptive_avgpool2d_parity - TypeE...
FAILED tests/test_nn_layers_parity.py::test_layernorm_parity - TypeError: Ten...
FAILED tests/test_nn_layers_parity.py::test_rnn_parity - TypeError: Tensor.__...
FAILED tests/test_nn_layers_parity.py::test_lstm_parity - TypeError: Tensor._...
FAILED tests/test_nn_layers_parity.py::test_gru_parity - TypeError: Tensor.__...
FAILED tests/test_nn_layers_parity.py::test_activations_parity - TypeError: T...
============================== 8 failed in 1.27s ==============================
