TN:
SF:D:\coeus\autograd\src\graph\computational_graph.rs
FN:29,<impl Clone for ComputationalGraph<T>>::clone
FN:46,ComputationalGraph<T>::new
FN:58,ComputationalGraph<T>::add_node
FN:77,ComputationalGraph<T>::create_node
FN:92,ComputationalGraph<T>::get_node
FN:97,ComputationalGraph<T>::get_node_mut
FN:102,ComputationalGraph<T>::nodes
FN:107,ComputationalGraph<T>::contains_node
FN:112,ComputationalGraph<T>::topological_sort
FN:126,ComputationalGraph<T>::topological_sort_helper
FN:158,ComputationalGraph<T>::backward
FN:223,ComputationalGraph<T>::clear_grad_cache
FN:231,ComputationalGraph<T>::invalidate_cache
FN:237,ComputationalGraph<T>::get_gradient
FN:242,ComputationalGraph<T>::remove_node
FN:264,ComputationalGraph<T>::len
FN:269,ComputationalGraph<T>::is_empty
FN:278,<impl Default for ComputationalGraph<T>>::default
FN:284,<impl Debug for ComputationalGraph<T>>::fmt
FNF:19
FNDA:0,<impl Clone for ComputationalGraph<T>>::clone
FNDA:720575940379279360,ComputationalGraph<T>::new
FNDA:1873497444986126336,ComputationalGraph<T>::add_node
FNDA:1873497444986126336,ComputationalGraph<T>::create_node
FNDA:1080863910568919040,ComputationalGraph<T>::get_node
FNDA:0,ComputationalGraph<T>::get_node_mut
FNDA:0,ComputationalGraph<T>::nodes
FNDA:1873497444986126336,ComputationalGraph<T>::contains_node
FNDA:144115188075855872,ComputationalGraph<T>::topological_sort
FNDA:792633534417207296,ComputationalGraph<T>::topological_sort_helper
FNDA:0,ComputationalGraph<T>::backward
FNDA:72057594037927936,ComputationalGraph<T>::clear_grad_cache
FNDA:2738188573441261568,ComputationalGraph<T>::invalidate_cache
FNDA:216172782113783808,ComputationalGraph<T>::get_gradient
FNDA:864691128455135232,ComputationalGraph<T>::remove_node
FNDA:576460752303423488,ComputationalGraph<T>::len
FNDA:216172782113783808,ComputationalGraph<T>::is_empty
FNDA:0,<impl Default for ComputationalGraph<T>>::default
FNDA:0,<impl Debug for ComputationalGraph<T>>::fmt
DA:29,0
DA:31,0
DA:32,0
DA:33,0
DA:34,0
DA:35,0
DA:36,0
DA:46,720575940379279360
DA:48,1441151880758558720
DA:49,1441151880758558720
DA:50,1441151880758558720
DA:53,720575940379279360
DA:58,1873497444986126336
DA:59,3746994889972252672
DA:62,1873497444986126336
DA:63,0
DA:64,0
DA:65,0
DA:66,0
DA:68,0
DA:72,7493989779944505344
DA:73,3746994889972252672
DA:77,1873497444986126336
DA:83,3746994889972252672
DA:84,1873497444986126336
DA:86,11240984669916758016
DA:87,5620492334958379008
DA:88,1873497444986126336
DA:92,1080863910568919040
DA:93,3242591731706757120
DA:97,0
DA:98,0
DA:102,0
DA:103,0
DA:107,1873497444986126336
DA:108,5620492334958379008
DA:112,144115188075855872
DA:113,288230376151711744
DA:114,288230376151711744
DA:115,288230376151711744
DA:117,1729382256910270464
DA:118,1585267068834414592
DA:119,792633534417207296
DA:123,144115188075855872
DA:126,792633534417207296
DA:133,2377900603251621888
DA:134,0
DA:137,0
DA:138,0
DA:141,0
DA:144,0
DA:145,0
DA:146,0
DA:150,792633534417207296
DA:151,0
DA:152,0
DA:154,0
DA:158,0
DA:160,0
DA:161,0
DA:165,0
DA:166,0
DA:167,0
DA:168,0
DA:173,0
DA:174,0
DA:177,0
DA:178,0
DA:179,0
DA:182,0
DA:183,0
DA:184,0
DA:186,0
DA:187,0
DA:189,0
DA:190,0
DA:193,0
DA:195,0
DA:198,0
DA:199,0
DA:200,0
DA:201,0
DA:206,0
DA:207,0
DA:208,0
DA:216,0
DA:219,0
DA:223,72057594037927936
DA:224,144115188075855872
DA:225,216172782113783808
DA:226,0
DA:231,2738188573441261568
DA:232,5476377146882523136
DA:233,5476377146882523136
DA:237,216172782113783808
DA:238,1152921504606846976
DA:242,864691128455135232
DA:243,2594073385365405696
DA:245,2594073385365405696
DA:246,2594073385365405696
DA:249,1729382256910270464
DA:250,0
DA:252,1729382256910270464
DA:253,0
DA:256,1729382256910270464
DA:257,864691128455135232
DA:259,0
DA:264,576460752303423488
DA:265,1152921504606846976
DA:269,216172782113783808
DA:270,432345564227567616
DA:278,0
DA:279,0
DA:284,0
DA:285,0
DA:286,0
DA:287,0
DA:288,0
LF:118
LH:51
end_of_record
TN:
SF:D:\coeus\autograd\src\graph\hessian.rs
FN:19,HessianIter<T>::new
FN:33,HessianIter<T>::from_nested
FN:46,HessianIter<T>::size
FN:51,HessianIter<T>::get
FN:60,HessianIter<T>::to_nested
FN:77,<impl Iterator for HessianIter<T>>::next
FN:91,<impl ExactSizeIterator for HessianIter<T>>::len
FNF:7
FNDA:0,HessianIter<T>::new
FNDA:0,HessianIter<T>::from_nested
FNDA:0,HessianIter<T>::size
FNDA:0,HessianIter<T>::get
FNDA:0,HessianIter<T>::to_nested
FNDA:0,<impl Iterator for HessianIter<T>>::next
FNDA:0,<impl ExactSizeIterator for HessianIter<T>>::len
DA:19,0
DA:20,0
DA:21,0
DA:22,0
DA:23,0
DA:33,0
DA:34,0
DA:35,0
DA:37,0
DA:38,0
DA:39,0
DA:42,0
DA:46,0
DA:47,0
DA:51,0
DA:52,0
DA:53,0
DA:55,0
DA:60,0
DA:64,0
DA:65,0
DA:66,0
DA:67,0
DA:68,0
DA:70,0
DA:77,0
DA:78,0
DA:79,0
DA:80,0
DA:81,0
DA:82,0
DA:83,0
DA:85,0
DA:91,0
DA:92,0
LF:35
LH:0
end_of_record
TN:
SF:D:\coeus\autograd\src\graph\node.rs
FN:28,Node<T>::new
FN:45,Node<T>::leaf
FN:50,Node<T>::is_leaf
FN:55,Node<T>::set_grad
FN:60,Node<T>::accumulate_grad
FN:78,Node<T>::increment_ref_count
FN:83,Node<T>::decrement_ref_count
FN:91,Node<T>::operation
FN:97,<impl Debug for Node<T>>::fmt
FN:114,NodeId::new
FN:120,<impl Display for NodeId>::fmt
FNF:11
FNDA:1873497444986126336,Node<T>::new
FNDA:0,Node<T>::leaf
FNDA:0,Node<T>::is_leaf
FNDA:0,Node<T>::set_grad
FNDA:0,Node<T>::accumulate_grad
FNDA:0,Node<T>::increment_ref_count
FNDA:0,Node<T>::decrement_ref_count
FNDA:0,Node<T>::operation
FNDA:0,<impl Debug for Node<T>>::fmt
FNDA:0,NodeId::new
FNDA:0,<impl Display for NodeId>::fmt
DA:28,1873497444986126336
DA:45,0
DA:46,0
DA:50,0
DA:51,0
DA:55,0
DA:56,0
DA:60,0
DA:61,0
DA:63,0
DA:66,0
DA:67,0
DA:69,0
DA:70,0
DA:72,0
DA:74,0
DA:78,0
DA:79,0
DA:83,0
DA:84,0
DA:85,0
DA:87,0
DA:91,0
DA:92,0
DA:97,0
DA:98,0
DA:99,0
DA:100,0
DA:101,0
DA:102,0
DA:103,0
DA:114,0
DA:115,0
DA:120,0
DA:121,0
LF:35
LH:1
end_of_record
TN:
SF:D:\coeus\autograd\src\graph\operation.rs
FN:35,Operation<T>::new
FN:54,Operation<T>::backward
FN:63,Operation<T>::with_hessian
FN:87,Operation<T>::hessian
FNF:4
FNDA:0,Operation<T>::new
FNDA:0,Operation<T>::backward
FNDA:0,Operation<T>::with_hessian
FNDA:0,Operation<T>::hessian
DA:35,0
DA:45,0
DA:48,0
DA:54,0
DA:59,0
DA:63,0
DA:78,0
DA:81,0
DA:82,0
DA:87,0
DA:93,0
DA:95,0
LF:12
LH:0
end_of_record
TN:
SF:D:\coeus\autograd\src\lib.rs
FN:114,Context<T>::new
FN:123,Context<T>::requires_grad
FN:128,Context<T>::next_node_id
FN:135,Context<T>::graph
FN:140,Context<T>::requires_grad_mut
FN:149,<impl Default for Context<T>>::default
FN:162,GradientAccumulator<T>::new
FN:169,GradientAccumulator<T>::accumulate
FN:180,GradientAccumulator<T>::get
FN:185,GradientAccumulator<T>::clear
FN:191,<impl Default for GradientAccumulator<T>>::default
FN:319,context::AutogradContext::new
FN:331,context::<impl Default for AutogradContext>::default
FN:343,context::AutogradContext::create_node
FN:355,context::AutogradContext::create_leaf_node
FN:368,context::AutogradContext::register_tensor
FN:374,context::AutogradContext::get_tensor_data
FN:379,context::AutogradContext::set_gradient
FN:387,context::AutogradContext::get_gradient
FN:392,context::AutogradContext::topological_sort
FN:396,context::AutogradContext::topological_sort::dfs
FN:424,context::AutogradContext::backward
FN:442,context::AutogradContext::get_all_gradients
FN:450,context::AutogradContext::propagate_gradient
FN:516,context::AutogradContext::backward_transpose
FN:552,context::AutogradContext::backward_add
FN:570,context::AutogradContext::backward_sub
FN:603,context::AutogradContext::backward_mul
FN:678,context::AutogradContext::backward_div
FN:733,context::AutogradContext::backward_neg
FN:752,context::AutogradContext::backward_abs
FN:783,context::AutogradContext::backward_sum
FN:815,context::AutogradContext::backward_relu
FN:838,context::AutogradContext::backward_matmul
FN:931,context::AutogradContext::backward_sum_dim
FN:983,context::AutogradContext::backward_mean_dim
FN:1032,context::AutogradContext::backward_sigmoid
FN:1058,context::AutogradContext::backward_tanh
FN:1084,context::AutogradContext::backward_exp
FN:1107,context::AutogradContext::backward_log
FN:1134,context::AutogradContext::backward_sin
FN:1157,context::AutogradContext::backward_cos
FN:1180,context::AutogradContext::backward_sqrt
FN:1207,context::AutogradContext::backward_pow
FN:1236,context::AutogradContext::backward_reshape
FN:1253,context::AutogradContext::backward_unsqueeze
FN:1270,context::AutogradContext::backward_expand
FN:1308,context::AutogradContext::backward_ceil
FN:1327,context::AutogradContext::backward_floor
FN:1346,context::AutogradContext::backward_round
FN:1365,context::AutogradContext::backward_trunc
FN:1383,context::AutogradContext::backward_square
FN:1407,context::AutogradContext::backward_reciprocal
FN:1434,context::AutogradContext::backward_sign
FN:1452,context::AutogradContext::backward_tan
FN:1477,context::AutogradContext::backward_clamp
FN:1496,context::AutogradContext::backward_acosh
FN:1527,context::AutogradContext::backward_asinh
FN:1551,context::AutogradContext::backward_atanh
FN:1582,context::AutogradContext::backward_erfc
FN:1606,context::AutogradContext::backward_expm1
FN:1630,context::AutogradContext::backward_fix
FN:1648,context::AutogradContext::backward_fmod
FN:1694,context::AutogradContext::backward_frac
FN:1711,context::AutogradContext::backward_remainder
FN:1742,context::AutogradContext::backward_log1p
FN:1766,context::AutogradContext::backward_nan_to_num
FN:1797,context::AutogradContext::backward_sgn
FN:1815,context::AutogradContext::backward_signbit
FN:1821,context::AutogradContext::backward_xlogy
FN:1881,context::AutogradContext::backward_elu
FN:1913,context::AutogradContext::backward_gelu
FN:1947,context::AutogradContext::backward_hardtanh
FN:1980,context::AutogradContext::backward_logsigmoid
FNF:74
FNDA:216172782113783808,Context<T>::new
FNDA:0,Context<T>::requires_grad
FNDA:216172782113783808,Context<T>::next_node_id
FNDA:0,Context<T>::graph
FNDA:0,Context<T>::requires_grad_mut
FNDA:0,<impl Default for Context<T>>::default
FNDA:0,GradientAccumulator<T>::new
FNDA:0,GradientAccumulator<T>::accumulate
FNDA:0,GradientAccumulator<T>::get
FNDA:0,GradientAccumulator<T>::clear
FNDA:0,<impl Default for GradientAccumulator<T>>::default
FNDA:10088063165309911040,context::AutogradContext::new
FNDA:15,context::<impl Default for AutogradContext>::default
FNDA:15708555500268290048,context::AutogradContext::create_node
FNDA:7061644215716937728,context::AutogradContext::create_leaf_node
FNDA:2522015791327477771,context::AutogradContext::register_tensor
FNDA:14483576401623515136,context::AutogradContext::get_tensor_data
FNDA:17582052945254416426,context::AutogradContext::set_gradient
FNDA:4611686018427387904,context::AutogradContext::get_gradient
FNDA:8935141660703064085,context::AutogradContext::topological_sort
FNDA:9943947977234055168,context::AutogradContext::topological_sort::dfs
FNDA:8935141660703064064,context::AutogradContext::backward
FNDA:0,context::AutogradContext::get_all_gradients
FNDA:5188146770730811392,context::AutogradContext::propagate_gradient
FNDA:1008806316530991104,context::AutogradContext::backward_transpose
FNDA:1513209474796486656,context::AutogradContext::backward_add
FNDA:3674937295934324736,context::AutogradContext::backward_sub
FNDA:5044031582654955520,context::AutogradContext::backward_mul
FNDA:3819052484010180608,context::AutogradContext::backward_div
FNDA:0,context::AutogradContext::backward_neg
FNDA:72057594037927950,context::AutogradContext::backward_abs
FNDA:4755801206503243776,context::AutogradContext::backward_sum
FNDA:360287970189639680,context::AutogradContext::backward_relu
FNDA:432345564227567616,context::AutogradContext::backward_matmul
FNDA:0,context::AutogradContext::backward_sum_dim
FNDA:0,context::AutogradContext::backward_mean_dim
FNDA:72057594037927936,context::AutogradContext::backward_sigmoid
FNDA:72057594037927936,context::AutogradContext::backward_tanh
FNDA:720575940379279360,context::AutogradContext::backward_exp
FNDA:288230376151711744,context::AutogradContext::backward_log
FNDA:504403158265495552,context::AutogradContext::backward_sin
FNDA:72057594037927940,context::AutogradContext::backward_cos
FNDA:288230376151711744,context::AutogradContext::backward_sqrt
FNDA:576460752303423488,context::AutogradContext::backward_pow
FNDA:144115188075855907,context::AutogradContext::backward_reshape
FNDA:432345564227567616,context::AutogradContext::backward_unsqueeze
FNDA:288230376151711744,context::AutogradContext::backward_expand
FNDA:25,context::AutogradContext::backward_ceil
FNDA:0,context::AutogradContext::backward_floor
FNDA:0,context::AutogradContext::backward_round
FNDA:0,context::AutogradContext::backward_trunc
FNDA:0,context::AutogradContext::backward_square
FNDA:144115188075855872,context::AutogradContext::backward_reciprocal
FNDA:0,context::AutogradContext::backward_sign
FNDA:0,context::AutogradContext::backward_tan
FNDA:0,context::AutogradContext::backward_clamp
FNDA:0,context::AutogradContext::backward_acosh
FNDA:0,context::AutogradContext::backward_asinh
FNDA:0,context::AutogradContext::backward_atanh
FNDA:0,context::AutogradContext::backward_erfc
FNDA:0,context::AutogradContext::backward_expm1
FNDA:0,context::AutogradContext::backward_fix
FNDA:0,context::AutogradContext::backward_fmod
FNDA:0,context::AutogradContext::backward_frac
FNDA:0,context::AutogradContext::backward_remainder
FNDA:0,context::AutogradContext::backward_log1p
FNDA:0,context::AutogradContext::backward_nan_to_num
FNDA:0,context::AutogradContext::backward_sgn
FNDA:0,context::AutogradContext::backward_signbit
FNDA:0,context::AutogradContext::backward_xlogy
FNDA:0,context::AutogradContext::backward_elu
FNDA:0,context::AutogradContext::backward_gelu
FNDA:5,context::AutogradContext::backward_hardtanh
FNDA:4,context::AutogradContext::backward_logsigmoid
DA:114,216172782113783808
DA:116,864691128455135232
DA:118,216172782113783808
DA:123,0
DA:124,0
DA:128,216172782113783808
DA:130,648518346341351424
DA:131,216172782113783808
DA:135,0
DA:136,0
DA:140,0
DA:141,0
DA:149,0
DA:150,0
DA:162,0
DA:164,0
DA:169,0
DA:170,0
DA:171,0
DA:173,0
DA:175,0
DA:180,0
DA:181,0
DA:185,0
DA:186,0
DA:191,0
DA:192,0
DA:319,10088063165309911040
DA:321,1729382256910270464
DA:322,1729382256910270464
DA:323,1729382256910270464
DA:324,10088063165309911040
DA:325,10088063165309911040
DA:331,15
DA:333,30
DA:334,30
DA:335,30
DA:336,15
DA:337,15
DA:343,15708555500268290048
DA:344,7493989779944505344
DA:350,7493989779944505344
DA:351,15708555500268290048
DA:355,7061644215716937728
DA:356,9799832789158199296
DA:360,7061644215716937728
DA:363,9799832789158199296
DA:364,7061644215716937728
DA:368,2522015791327477771
DA:369,10088063165309911084
DA:370,10088063165309911084
DA:374,14483576401623515136
DA:375,6557241057451442176
DA:379,17582052945254416426
DA:382,16717361816799281236
DA:383,14987979559889010856
DA:387,4611686018427387904
DA:388,13835058055282163712
DA:392,8935141660703064085
DA:393,17870283321406128170
DA:394,17870283321406128170
DA:396,9943947977234055168
DA:402,11385099857992613888
DA:403,4755801206503243796
DA:407,5188146770730811368
DA:408,7205759403792793624
DA:409,1008806316530991135
DA:411,4035225266123964540
DA:419,7782220156096217193
DA:420,8935141660703064085
DA:424,8935141660703064064
DA:426,17293822569102704640
DA:429,17293822569102704640
DA:432,4611686018427387909
DA:433,5188146770730811376
DA:434,5188146770730811376
DA:442,0
DA:443,0
DA:445,0
DA:450,5188146770730811392
DA:451,15564440312192434192
DA:452,15564440312192434224
DA:453,18446744073709551600
DA:456,5188146770730811408
DA:457,17798225727368200186
DA:461,6052837899185946624
DA:462,14699749183737298960
DA:463,1729382256910270464
DA:464,15276209936040722432
DA:465,0
DA:466,288230376151711744
DA:467,576460752303423488
DA:468,0
DA:469,0
DA:470,1441151880758558720
DA:471,288230376151711744
DA:472,288230376151711744
DA:473,2882303761517117440
DA:474,1152921504606846980
DA:475,2017612633061982208
DA:476,288230376151711744
DA:477,1152921504606846976
DA:478,3458764513820540928
DA:479,1729382256910270464
DA:480,4035225266123964416
DA:481,576460752303423488
DA:482,1729382256910270464
DA:483,1152921504606846976
DA:484,0
DA:485,0
DA:486,0
DA:487,0
DA:488,0
DA:489,576460752303423488
DA:490,0
DA:491,0
DA:492,0
DA:493,0
DA:494,0
DA:495,0
DA:496,0
DA:497,0
DA:498,0
DA:499,0
DA:500,0
DA:501,0
DA:502,0
DA:503,0
DA:504,0
DA:505,0
DA:506,0
DA:507,0
DA:508,0
DA:509,0
DA:510,4
DA:512,16
DA:516,1008806316530991104
DA:517,1008806316530991104
DA:518,2017612633061982208
DA:521,2017612633061982208
DA:522,2017612633061982208
DA:523,4035225266123964416
DA:526,3026418949592973312
DA:527,5908722711110090752
DA:530,5908722711110090752
DA:531,5908722711110090752
DA:537,2017612633061982208
DA:538,2017612633061982208
DA:540,4035225266123964416
DA:541,2017612633061982208
DA:543,2017612633061982208
DA:544,12826251738751172608
DA:546,4035225266123964416
DA:552,1513209474796486656
DA:554,5836665117072162824
DA:556,4323455642275676176
DA:557,4323455642275676176
DA:559,7998392938210000904
DA:560,4323455642275676176
DA:562,4323455642275676176
DA:563,8791026472627208200
DA:565,8646911284551352352
DA:570,3674937295934324736
DA:572,3674937295934324736
DA:574,3674937295934324736
DA:575,7349874591868649472
DA:576,7349874591868649472
DA:578,4107282860161892355
DA:579,7349874591868649472
DA:581,7349874591868649472
DA:582,18230571291595767808
DA:584,14699749183737298944
DA:588,3674937295934324736
DA:589,7349874591868649472
DA:590,7349874591868649472
DA:592,14699749183737298944
DA:593,7349874591868649472
DA:595,7349874591868649472
DA:596,18230571291595767810
DA:598,14699749183737298944
DA:603,5044031582654955520
DA:604,5044031582654955520
DA:606,6773413839565226004
DA:607,6773413839565226004
DA:608,6773413839565226004
DA:609,6773413839565226004
DA:611,5044031582654955520
DA:612,1729382256910270480
DA:621,15132094747964866560
DA:622,5044031582654955520
DA:624,13835058055282163716
DA:625,8791026472627208192
DA:630,0
DA:635,10088063165309911040
DA:636,10088063165309911040
DA:638,1729382256910270464
DA:639,10088063165309911040
DA:641,10088063165309911040
DA:642,4179340454199820296
DA:644,1729382256910270464
DA:649,15132094747964866572
DA:650,5044031582654955524
DA:652,13546827679130451972
DA:653,8574853690513424384
DA:658,288230376151711748
DA:663,10088063165309911048
DA:664,10088063165309911048
DA:666,6557241057451442192
DA:667,10088063165309911048
DA:669,10088063165309911048
DA:670,3891110078048108548
DA:672,1729382256910270480
DA:678,3819052484010180608
DA:679,3819052484010180608
DA:681,648518346341351424
DA:682,648518346341351424
DA:684,11457157452030541824
DA:687,11457157452030541824
DA:689,7638104968020361216
DA:690,7638104968020361216
DA:692,11457157452030541824
DA:695,7638104968020361216
DA:696,7638104968020361216
DA:698,15276209936040722432
DA:699,7638104968020361216
DA:701,7638104968020361216
DA:702,11457157452030541824
DA:704,15276209936040722432
DA:709,11457157452030541824
DA:711,7638104968020361216
DA:712,7638104968020361216
DA:713,7638104968020361216
DA:715,11457157452030541824
DA:718,7638104968020361216
DA:719,7638104968020361216
DA:721,15276209936040722432
DA:722,7638104968020361216
DA:724,7638104968020361216
DA:725,11457157452030541824
DA:727,15276209936040722432
DA:733,0
DA:735,0
DA:737,4
DA:738,0
DA:739,0
DA:741,3
DA:742,0
DA:744,0
DA:745,0
DA:747,0
DA:752,72057594037927950
DA:753,72057594037927950
DA:754,144115188075855900
DA:760,72057594037927936
DA:761,72057594037927936
DA:763,72057594037927936
DA:765,0
DA:772,216172782113783808
DA:776,144115188075855872
DA:783,4755801206503243776
DA:787,14267403619509731328
DA:790,14267403619509731328
DA:795,14267403619509731328
DA:798,0
DA:803,14267403619509731328
DA:807,4611686018427387904
DA:815,360287970189639680
DA:816,360287970189639680
DA:817,720575940379279360
DA:822,2305843009213693952
DA:827,1080863910568919040
DA:831,1152921504606846976
DA:838,432345564227567616
DA:839,432345564227567616
DA:840,432345564227567616
DA:841,1297036692682702848
DA:842,1297036692682702848
DA:844,432345564227567616
DA:853,432345564227567616
DA:855,144115188075855872
DA:856,0
DA:857,864691128455135232
DA:859,0
DA:870,504403158265495552
DA:871,2161727821137838080
DA:872,3242591731706757120
DA:875,9727775195120271360
DA:876,12970366926827028480
DA:884,2017612633061982208
DA:885,2954361355555045376
DA:886,3242591731706757120
DA:889,9727775195120271360
DA:890,9727775195120271360
DA:900,1297036692682702848
DA:904,4323455642275676160
DA:911,1297036692682702848
DA:915,5908722711110090752
DA:931,0
DA:932,0
DA:933,0
DA:942,0
DA:943,0
DA:950,0
DA:957,0
DA:958,0
DA:959,0
DA:960,0
DA:961,0
DA:972,0
DA:976,0
DA:983,0
DA:984,0
DA:985,0
DA:993,0
DA:994,0
DA:995,0
DA:1001,0
DA:1003,0
DA:1004,0
DA:1005,0
DA:1007,0
DA:1010,0
DA:1021,0
DA:1025,0
DA:1032,72057594037927936
DA:1033,72057594037927936
DA:1034,144115188075855872
DA:1039,72057594037927936
DA:1040,144115188075855872
DA:1041,72057594037927936
DA:1047,216172782113783808
DA:1051,144115188075855872
DA:1058,72057594037927936
DA:1059,72057594037927936
DA:1060,144115188075855872
DA:1065,72057594037927936
DA:1066,216172782113783808
DA:1067,144115188075855872
DA:1073,216172782113783808
DA:1077,144115188075855872
DA:1084,720575940379279360
DA:1085,720575940379279360
DA:1086,1441151880758558720
DA:1091,2161727821137838080
DA:1096,2161727821137838080
DA:1100,1441151880758558720
DA:1107,288230376151711744
DA:1108,288230376151711744
DA:1109,576460752303423488
DA:1115,288230376151711744
DA:1117,576460752303423488
DA:1123,864691128455135232
DA:1127,576460752303423488
DA:1134,504403158265495552
DA:1135,504403158265495552
DA:1136,1008806316530991102
DA:1141,1513209474796486656
DA:1146,1513209474796486656
DA:1150,1008806316530991106
DA:1157,72057594037927940
DA:1158,72057594037927940
DA:1159,144115188075855880
DA:1164,144115188075855880
DA:1169,216172782113783817
DA:1173,144115188075855872
DA:1180,288230376151711744
DA:1181,288230376151711744
DA:1182,576460752303423488
DA:1188,288230376151711744
DA:1190,576460752303423488
DA:1196,864691128455135232
DA:1200,576460752303423488
DA:1207,576460752303423488
DA:1208,576460752303423488
DA:1209,1152921504606846974
DA:1215,576460752303423488
DA:1217,1729382256910270464
DA:1225,1729382256910270464
DA:1229,1152921504606846978
DA:1236,144115188075855907
DA:1237,144115188075855907
DA:1240,144115188075855907
DA:1243,432345564227567616
DA:1247,576460752303423488
DA:1253,432345564227567616
DA:1254,432345564227567616
DA:1257,432345564227567616
DA:1260,1297036692682702848
DA:1264,1873497444986126336
DA:1270,288230376151711744
DA:1271,288230376151711744
DA:1274,576460752303423488
DA:1285,504403158265495552
DA:1286,504403158265495552
DA:1287,504403158265495552
DA:1295,576460752303423488
DA:1299,1008806316530991104
DA:1308,25
DA:1309,25
DA:1312,25
DA:1315,0
DA:1319,0
DA:1327,0
DA:1328,0
DA:1331,0
DA:1334,0
DA:1338,0
DA:1346,0
DA:1347,0
DA:1350,0
DA:1353,0
DA:1357,0
DA:1365,0
DA:1366,0
DA:1369,0
DA:1372,0
DA:1376,0
DA:1383,0
DA:1384,0
DA:1385,0
DA:1388,0
DA:1390,0
DA:1396,0
DA:1400,0
DA:1407,144115188075855872
DA:1408,144115188075855872
DA:1409,144115188075855872
DA:1413,144115188075855872
DA:1415,288230376151711744
DA:1422,432345564227567616
DA:1426,288230376151711744
DA:1434,0
DA:1435,0
DA:1437,0
DA:1441,0
DA:1445,0
DA:1452,0
DA:1453,0
DA:1454,0
DA:1457,0
DA:1459,0
DA:1465,0
DA:1469,0
DA:1477,0
DA:1478,0
DA:1482,0
DA:1485,0
DA:1489,0
DA:1496,0
DA:1497,0
DA:1498,0
DA:1501,0
DA:1502,0
DA:1503,0
DA:1504,0
DA:1506,0
DA:1510,0
DA:1516,0
DA:1520,0
DA:1527,0
DA:1528,0
DA:1529,0
DA:1532,0
DA:1534,0
DA:1540,0
DA:1544,0
DA:1551,0
DA:1552,0
DA:1553,0
DA:1556,0
DA:1557,0
DA:1558,0
DA:1559,0
DA:1561,0
DA:1565,0
DA:1571,0
DA:1575,0
DA:1582,0
DA:1583,0
DA:1584,0
DA:1587,0
DA:1589,0
DA:1595,0
DA:1599,0
DA:1606,0
DA:1607,0
DA:1608,0
DA:1611,0
DA:1613,0
DA:1619,0
DA:1623,0
DA:1630,0
DA:1632,0
DA:1633,0
DA:1637,0
DA:1641,0
DA:1648,0
DA:1649,0
DA:1651,0
DA:1652,0
DA:1654,0
DA:1655,0
DA:1657,0
DA:1658,0
DA:1660,0
DA:1663,0
DA:1664,0
DA:1669,0
DA:1670,0
DA:1671,0
DA:1673,0
DA:1681,0
DA:1685,0
DA:1694,0
DA:1695,0
DA:1697,0
DA:1700,0
DA:1704,0
DA:1711,0
DA:1712,0
DA:1714,0
DA:1715,0
DA:1717,0
DA:1718,0
DA:1720,0
DA:1721,0
DA:1723,0
DA:1727,0
DA:1728,0
DA:1729,0
DA:1731,0
DA:1732,0
DA:1734,0
DA:1735,0
DA:1737,0
DA:1742,0
DA:1743,0
DA:1744,0
DA:1747,0
DA:1749,0
DA:1755,0
DA:1759,0
DA:1766,0
DA:1767,0
DA:1768,0
DA:1772,0
DA:1774,0
DA:1775,0
DA:1777,0
DA:1785,0
DA:1789,0
DA:1797,0
DA:1799,0
DA:1800,0
DA:1804,3
DA:1808,2
DA:1815,0
DA:1821,0
DA:1822,0
DA:1824,0
DA:1825,0
DA:1827,0
DA:1832,0
DA:1833,0
DA:1834,0
DA:1836,0
DA:1844,0
DA:1848,0
DA:1857,0
DA:1858,0
DA:1859,0
DA:1861,0
DA:1869,0
DA:1873,0
DA:1881,0
DA:1882,0
DA:1883,0
DA:1890,0
DA:1891,0
DA:1892,0
DA:1894,0
DA:1901,0
DA:1905,0
DA:1913,0
DA:1914,0
DA:1915,0
DA:1919,0
DA:1921,0
DA:1922,0
DA:1924,0
DA:1925,0
DA:1926,0
DA:1927,0
DA:1928,0
DA:1929,0
DA:1935,0
DA:1939,0
DA:1947,5
DA:1948,5
DA:1949,10
DA:1957,0
DA:1958,0
DA:1959,0
DA:1961,0
DA:1968,0
DA:1972,0
DA:1980,4
DA:1981,4
DA:1982,8
DA:1987,0
DA:1988,0
DA:1989,0
DA:1990,0
DA:1996,0
DA:2000,0
LF:615
LH:323
end_of_record
TN:
SF:D:\coeus\autograd\src\numerical_stability.rs
FN:34,NumericalStability::is_effectively_zero
FN:39,NumericalStability::will_exp_overflow
FN:44,NumericalStability::will_exp_underflow
FN:49,NumericalStability::safe_divide
FN:64,NumericalStability::safe_sqrt
FN:75,NumericalStability::safe_log
FN:88,NumericalStability::safe_pow
FN:105,NumericalStability::clip_gradient
FN:122,NumericalStability::is_gradient_stable
FN:127,NumericalStability::safe_reciprocal
FN:132,NumericalStability::safe_sqrt_derivative
FN:143,NumericalStability::safe_log_derivative
FN:148,NumericalStability::safe_reciprocal_derivative
FN:157,NumericalStability::safe_power_derivative
FN:178,NumericalStability::sanitize_gradients
FN:189,NumericalStability::has_unstable_gradients
FNF:16
FNDA:4827858800541171712,NumericalStability::is_effectively_zero
FNDA:0,NumericalStability::will_exp_overflow
FNDA:0,NumericalStability::will_exp_underflow
FNDA:8358680908399640576,NumericalStability::safe_divide
FNDA:216172782113783808,NumericalStability::safe_sqrt
FNDA:216172782113783808,NumericalStability::safe_log
FNDA:360287970189639680,NumericalStability::safe_pow
FNDA:576460752303423488,NumericalStability::clip_gradient
FNDA:0,NumericalStability::is_gradient_stable
FNDA:432345564227567616,NumericalStability::safe_reciprocal
FNDA:504403158265495552,NumericalStability::safe_sqrt_derivative
FNDA:432345564227567616,NumericalStability::safe_log_derivative
FNDA:288230376151711744,NumericalStability::safe_reciprocal_derivative
FNDA:792633534417207296,NumericalStability::safe_power_derivative
FNDA:17654110539292344320,NumericalStability::sanitize_gradients
FNDA:0,NumericalStability::has_unstable_gradients
DA:34,4827858800541171712
DA:35,4827858800541171712
DA:39,0
DA:40,0
DA:44,0
DA:45,0
DA:49,8358680908399640576
DA:50,16717361816799281152
DA:51,1297036692682702848
DA:52,72057594037927936
DA:53,576460752303423488
DA:54,504403158265495552
DA:56,72057594037927936
DA:59,7710162562058289152
DA:64,216172782113783808
DA:65,216172782113783808
DA:66,72057594037927936
DA:67,144115188075855872
DA:68,72057594037927936
DA:70,72057594037927936
DA:75,216172782113783808
DA:76,216172782113783808
DA:77,288230376151711744
DA:78,72057594037927936
DA:80,72057594037927936
DA:83,72057594037927936
DA:88,360287970189639680
DA:89,360287970189639680
DA:90,216172782113783808
DA:91,72057594037927936
DA:92,144115188075855872
DA:93,72057594037927936
DA:95,72057594037927936
DA:97,216172782113783808
DA:98,72057594037927936
DA:100,72057594037927936
DA:105,576460752303423488
DA:106,1152921504606846976
DA:107,72057594037927936
DA:108,504403158265495552
DA:109,144115188075855872
DA:110,360287970189639680
DA:111,288230376151711744
DA:112,144115188075855872
DA:114,144115188075855872
DA:117,72057594037927936
DA:122,0
DA:123,0
DA:127,432345564227567616
DA:128,864691128455135232
DA:132,504403158265495552
DA:133,504403158265495552
DA:134,144115188075855872
DA:135,360287970189639680
DA:136,216172782113783808
DA:138,144115188075855872
DA:143,432345564227567616
DA:144,864691128455135232
DA:148,288230376151711744
DA:149,576460752303423488
DA:150,216172782113783808
DA:152,72057594037927936
DA:157,792633534417207296
DA:158,792633534417207296
DA:159,1
DA:160,792633534417207295
DA:161,6124895493223874560
DA:162,13114482114902884351
DA:163,216172782113783808
DA:164,72057594037927936
DA:165,144115188075855872
DA:166,0
DA:170,864691128455135231
DA:171,72057594037927936
DA:173,12826251738751172607
DA:178,17654110539292344320
DA:179,12321848580485677081
DA:182,12826251738751172689
DA:183,144115188075855899
DA:189,0
DA:190,0
LF:81
LH:72
end_of_record
TN:
SF:D:\coeus\autograd\src\ops.rs
FN:18,<impl BackwardOp for AddOp>::backward
FN:29,<impl BackwardOp for SubOp>::backward
FN:40,<impl BackwardOp for MulOp>::backward
FN:55,<impl BackwardOp for DivOp>::backward
FN:75,<impl BackwardOp for NegOp>::backward
FN:85,<impl BackwardOp for SumOp>::backward
FN:101,<impl BackwardOp for ExpOp>::backward
FN:118,<impl BackwardOp for LogOp>::backward
FN:133,PowOp<T>::new
FN:139,<impl BackwardOp for PowOp<T>>::backward
FN:165,<impl BackwardOp for SinOp>::backward
FN:181,<impl BackwardOp for CosOp>::backward
FN:197,<impl BackwardOp for ReluOp>::backward
FN:217,<impl BackwardOp for MatMulOp>::backward
FN:233,create_operation
FN:248,create_operation::<impl BackwardOp for CustomOp<F>>::backward
FNF:16
FNDA:72057594037927936,<impl BackwardOp for AddOp>::backward
FNDA:0,<impl BackwardOp for SubOp>::backward
FNDA:72057594037927936,<impl BackwardOp for MulOp>::backward
FNDA:0,<impl BackwardOp for DivOp>::backward
FNDA:0,<impl BackwardOp for NegOp>::backward
FNDA:0,<impl BackwardOp for SumOp>::backward
FNDA:72057594037927936,<impl BackwardOp for ExpOp>::backward
FNDA:0,<impl BackwardOp for LogOp>::backward
FNDA:0,PowOp<T>::new
FNDA:0,<impl BackwardOp for PowOp<T>>::backward
FNDA:0,<impl BackwardOp for SinOp>::backward
FNDA:0,<impl BackwardOp for CosOp>::backward
FNDA:0,<impl BackwardOp for ReluOp>::backward
FNDA:0,<impl BackwardOp for MatMulOp>::backward
FNDA:0,create_operation
FNDA:0,create_operation::<impl BackwardOp for CustomOp<F>>::backward
DA:18,72057594037927936
DA:20,360287970189639680
DA:29,0
DA:32,0
DA:40,72057594037927936
DA:41,216172782113783808
DA:42,144115188075855872
DA:43,144115188075855872
DA:47,504403158265495552
DA:55,0
DA:56,0
DA:57,0
DA:58,0
DA:62,0
DA:63,0
DA:64,0
DA:66,0
DA:75,0
DA:77,0
DA:85,0
DA:86,0
DA:87,0
DA:90,0
DA:91,0
DA:92,0
DA:101,72057594037927936
DA:102,216172782113783808
DA:103,144115188075855872
DA:107,432345564227567616
DA:108,144115188075855872
DA:110,288230376151711744
DA:118,0
DA:119,0
DA:120,0
DA:123,0
DA:133,0
DA:139,0
DA:140,0
DA:141,0
DA:144,0
DA:145,0
DA:148,0
DA:150,0
DA:152,0
DA:153,0
DA:154,0
DA:155,0
DA:157,0
DA:165,0
DA:166,0
DA:167,0
DA:170,0
DA:171,0
DA:173,0
DA:181,0
DA:182,0
DA:183,0
DA:186,0
DA:187,0
DA:189,0
DA:197,0
DA:198,0
DA:199,0
DA:202,0
DA:205,0
DA:207,0
DA:209,0
DA:217,0
DA:218,0
DA:219,0
DA:220,0
DA:225,0
DA:226,0
DA:228,0
DA:233,0
DA:244,0
DA:248,0
DA:253,0
DA:257,0
LF:79
LH:13
end_of_record
TN:
SF:D:\coeus\autograd\src\tensor_ref.rs
FN:18,TensorRef<T>::scalar
FN:26,TensorRef<T>::from_data
FN:36,TensorRef<T>::zeros
FN:45,TensorRef<T>::ones
FN:54,TensorRef<T>::shape
FN:59,TensorRef<T>::ndim
FN:64,TensorRef<T>::numel
FN:69,TensorRef<T>::data
FN:74,TensorRef<T>::data_mut
FN:79,TensorRef<T>::get
FN:84,TensorRef<T>::get_mut
FN:89,TensorRef<T>::is_scalar
FN:94,TensorRef<T>::as_scalar
FN:100,TensorRef<T>::add
FN:115,TensorRef<T>::sub
FN:130,TensorRef<T>::mul
FN:145,TensorRef<T>::div
FN:160,TensorRef<T>::neg
FN:172,TensorRef<T>::sum
FN:177,TensorRef<T>::reshape
FN:190,TensorRef<T>::t
FN:214,<impl Add for TensorRef<T>>::add
FN:222,<impl Sub for TensorRef<T>>::sub
FN:230,<impl Mul for TensorRef<T>>::mul
FN:238,<impl Div for TensorRef<T>>::div
FN:246,<impl Neg for TensorRef<T>>::neg
FN:252,<impl PartialEq for TensorRef<T>>::eq
FN:258,<impl Debug for TensorRef<T>>::fmt
FN:268,<impl Display for TensorRef<T>>::fmt
FN:286,<impl Iterator for TensorIter<'a,T>>::next
FN:299,TensorRef<T>::iter
FN:316,<impl Iterator for TensorIterMut<'a,T>>::next
FN:333,TensorRef<T>::iter_mut
FNF:33
FNDA:648518346341351424,TensorRef<T>::scalar
FNDA:2233785415175766016,TensorRef<T>::from_data
FNDA:0,TensorRef<T>::zeros
FNDA:0,TensorRef<T>::ones
FNDA:216172782113783808,TensorRef<T>::shape
FNDA:0,TensorRef<T>::ndim
FNDA:360287970189639680,TensorRef<T>::numel
FNDA:360287970189639680,TensorRef<T>::data
FNDA:0,TensorRef<T>::data_mut
FNDA:0,TensorRef<T>::get
FNDA:0,TensorRef<T>::get_mut
FNDA:432345564227567616,TensorRef<T>::is_scalar
FNDA:432345564227567616,TensorRef<T>::as_scalar
FNDA:72057594037927936,TensorRef<T>::add
FNDA:0,TensorRef<T>::sub
FNDA:216172782113783808,TensorRef<T>::mul
FNDA:0,TensorRef<T>::div
FNDA:0,TensorRef<T>::neg
FNDA:0,TensorRef<T>::sum
FNDA:72057594037927936,TensorRef<T>::reshape
FNDA:0,TensorRef<T>::t
FNDA:72057594037927936,<impl Add for TensorRef<T>>::add
FNDA:0,<impl Sub for TensorRef<T>>::sub
FNDA:0,<impl Mul for TensorRef<T>>::mul
FNDA:0,<impl Div for TensorRef<T>>::div
FNDA:0,<impl Neg for TensorRef<T>>::neg
FNDA:0,<impl PartialEq for TensorRef<T>>::eq
FNDA:0,<impl Debug for TensorRef<T>>::fmt
FNDA:0,<impl Display for TensorRef<T>>::fmt
FNDA:288230376151711744,<impl Iterator for TensorIter<'a,T>>::next
FNDA:72057594037927936,TensorRef<T>::iter
FNDA:0,<impl Iterator for TensorIterMut<'a,T>>::next
FNDA:0,TensorRef<T>::iter_mut
DA:18,648518346341351424
DA:20,1297036692682702848
DA:21,648518346341351424
DA:26,2233785415175766016
DA:27,2233785415175766016
DA:28,4467570830351532032
DA:29,4467570830351532032
DA:30,0
DA:36,0
DA:37,0
DA:39,0
DA:45,0
DA:46,0
DA:48,0
DA:54,216172782113783808
DA:55,216172782113783808
DA:59,0
DA:60,0
DA:64,360287970189639680
DA:65,720575940379279360
DA:69,360287970189639680
DA:70,360287970189639680
DA:74,0
DA:75,0
DA:79,0
DA:80,0
DA:84,0
DA:85,0
DA:89,432345564227567616
DA:90,432345564227567616
DA:94,432345564227567616
DA:95,864691128455135232
DA:96,432345564227567616
DA:100,72057594037927936
DA:101,72057594037927936
DA:102,144115188075855872
DA:103,72057594037927936
DA:105,144115188075855872
DA:106,360287970189639680
DA:110,72057594037927936
DA:115,0
DA:116,0
DA:117,0
DA:118,0
DA:120,0
DA:121,0
DA:125,0
DA:130,216172782113783808
DA:131,216172782113783808
DA:132,432345564227567616
DA:133,216172782113783808
DA:135,432345564227567616
DA:136,648518346341351424
DA:140,216172782113783808
DA:145,0
DA:146,0
DA:147,0
DA:148,0
DA:150,0
DA:151,0
DA:155,0
DA:160,0
DA:164,0
DA:167,0
DA:172,0
DA:173,0
DA:177,72057594037927936
DA:178,72057594037927936
DA:179,144115188075855872
DA:180,144115188075855872
DA:181,0
DA:184,144115188075855872
DA:190,0
DA:191,0
DA:192,0
DA:193,0
DA:194,0
DA:196,0
DA:197,0
DA:198,0
DA:199,0
DA:200,0
DA:206,0
DA:214,72057594037927936
DA:215,216172782113783808
DA:222,0
DA:223,0
DA:230,0
DA:231,0
DA:238,0
DA:239,0
DA:246,0
DA:247,0
DA:252,0
DA:253,0
DA:258,0
DA:259,0
DA:260,0
DA:262,0
DA:268,0
DA:269,0
DA:270,0
DA:272,0
DA:286,288230376151711744
DA:287,576460752303423488
DA:288,432345564227567616
DA:289,216172782113783808
DA:290,216172782113783808
DA:292,72057594037927936
DA:299,72057594037927936
DA:316,0
DA:317,0
DA:320,0
DA:321,0
DA:324,0
DA:326,0
DA:333,0
DA:335,0
LF:118
LH:46
end_of_record
TN:
SF:D:\coeus\backend\src\cpu.rs
FN:14,CpuBackend::new
FN:20,<impl Default for CpuBackend>::default
FN:27,<impl Backend for CpuBackend>::device
FN:31,<impl Backend for CpuBackend>::allocate
FN:40,<impl Backend for CpuBackend>::copy_from_host
FN:51,<impl Backend for CpuBackend>::copy_to_host
FN:61,<impl Backend for CpuBackend>::ones
FN:72,<impl Backend for CpuBackend>::add
FN:87,<impl Backend for CpuBackend>::sub
FN:102,<impl Backend for CpuBackend>::mul
FN:117,<impl Backend for CpuBackend>::div
FN:132,<impl Backend for CpuBackend>::matmul
FN:167,<impl Backend for CpuBackend>::transpose
FN:172,<impl Backend for CpuBackend>::sum_dim
FN:242,<impl Backend for CpuBackend>::mean_dim
FN:263,<impl Backend for CpuBackend>::cat
FN:359,CpuBackend::check_shapes_match
FN:370,CpuBackend::check_matmul_shapes
FN:394,<impl CpuDataAccess for BackendData<T>>::as_cpu
FNF:19
FNDA:2233785415175766016,CpuBackend::new
FNDA:0,<impl Default for CpuBackend>::default
FNDA:2233785415175766016,<impl Backend for CpuBackend>::device
FNDA:360287970189639680,<impl Backend for CpuBackend>::allocate
FNDA:4755801206503243776,<impl Backend for CpuBackend>::copy_from_host
FNDA:1729382256910270464,<impl Backend for CpuBackend>::copy_to_host
FNDA:144115188075855872,<impl Backend for CpuBackend>::ones
FNDA:360287970189639680,<impl Backend for CpuBackend>::add
FNDA:72057594037927936,<impl Backend for CpuBackend>::sub
FNDA:288230376151711744,<impl Backend for CpuBackend>::mul
FNDA:72057594037927936,<impl Backend for CpuBackend>::div
FNDA:360287970189639680,<impl Backend for CpuBackend>::matmul
FNDA:0,<impl Backend for CpuBackend>::transpose
FNDA:432345564227567616,<impl Backend for CpuBackend>::sum_dim
FNDA:144115188075855872,<impl Backend for CpuBackend>::mean_dim
FNDA:0,<impl Backend for CpuBackend>::cat
FNDA:792633534417207296,CpuBackend::check_shapes_match
FNDA:360287970189639680,CpuBackend::check_matmul_shapes
FNDA:9511602413006487552,<impl CpuDataAccess for BackendData<T>>::as_cpu
DA:14,2233785415175766016
DA:15,2233785415175766016
DA:20,0
DA:21,0
DA:27,2233785415175766016
DA:28,2233785415175766016
DA:31,360287970189639680
DA:32,0
DA:34,0
DA:35,0
DA:36,0
DA:40,4755801206503243776
DA:41,0
DA:42,0
DA:43,0
DA:45,0
DA:46,0
DA:47,0
DA:51,1729382256910270464
DA:52,0
DA:53,0
DA:54,0
DA:55,0
DA:56,0
DA:61,144115188075855872
DA:62,0
DA:63,0
DA:64,0
DA:65,0
DA:66,0
DA:67,0
DA:69,0
DA:72,360287970189639680
DA:73,0
DA:75,0
DA:76,0
DA:77,0
DA:80,0
DA:81,2017612633061982208
DA:84,0
DA:87,72057594037927936
DA:88,0
DA:90,0
DA:91,0
DA:92,0
DA:95,0
DA:96,576460752303423488
DA:99,0
DA:102,288230376151711744
DA:103,0
DA:105,0
DA:106,0
DA:107,0
DA:110,0
DA:111,1297036692682702848
DA:114,0
DA:117,72057594037927936
DA:118,0
DA:120,0
DA:121,0
DA:122,0
DA:125,0
DA:126,576460752303423488
DA:129,0
DA:132,360287970189639680
DA:133,0
DA:135,0
DA:136,0
DA:137,0
DA:139,0
DA:142,0
DA:145,1441151880758558720
DA:146,2882303761517117440
DA:147,2882303761517117440
DA:149,2882303761517117440
DA:150,5188146770730811392
DA:151,0
DA:152,0
DA:153,0
DA:155,1441151880758558720
DA:158,0
DA:167,0
DA:168,0
DA:172,432345564227567616
DA:173,0
DA:174,0
DA:175,0
DA:176,0
DA:177,0
DA:181,0
DA:182,0
DA:185,0
DA:186,0
DA:189,0
DA:190,144115188075855872
DA:191,0
DA:195,0
DA:196,0
DA:197,0
DA:201,0
DA:202,0
DA:203,0
DA:206,0
DA:207,0
DA:210,0
DA:213,936748722493063168
DA:215,3746994889972252672
DA:216,1873497444986126336
DA:217,2810246167479189504
DA:218,0
DA:219,0
DA:223,2810246167479189504
DA:226,3098476543630901248
DA:227,0
DA:230,0
DA:231,4323455642275676160
DA:232,0
DA:235,0
DA:239,0
DA:242,144115188075855872
DA:244,0
DA:245,0
DA:248,0
DA:249,0
DA:250,0
DA:251,0
DA:252,0
DA:257,0
DA:258,720575940379279360
DA:260,0
DA:263,0
DA:265,0
DA:266,0
DA:267,0
DA:271,0
DA:272,0
DA:273,0
DA:278,0
DA:279,0
DA:280,0
DA:281,0
DA:282,0
DA:283,0
DA:288,0
DA:289,0
DA:290,0
DA:291,0
DA:292,0
DA:293,0
DA:294,0
DA:295,0
DA:300,0
DA:301,0
DA:302,0
DA:303,0
DA:304,0
DA:311,0
DA:312,0
DA:313,0
DA:314,0
DA:316,0
DA:319,0
DA:322,0
DA:326,0
DA:328,0
DA:329,0
DA:330,0
DA:332,0
DA:338,0
DA:339,0
DA:340,0
DA:345,0
DA:346,0
DA:347,0
DA:350,0
DA:351,0
DA:352,0
DA:359,792633534417207296
DA:360,792633534417207296
DA:361,72057594037927936
DA:362,216172782113783808
DA:363,72057594037927936
DA:366,0
DA:370,360287970189639680
DA:371,720575940379279360
DA:372,0
DA:373,0
DA:377,0
DA:378,0
DA:379,0
DA:380,0
DA:384,0
DA:394,9511602413006487552
DA:395,9511602413006487552
DA:396,9511602413006487552
DA:397,0
LF:196
LH:44
end_of_record
TN:
SF:D:\coeus\backend\src\error.rs
FN:42,BackendError::gpu_error
FN:49,BackendError::allocation_error
FN:56,BackendError::invalid_operation
FNF:3
FNDA:0,BackendError::gpu_error
FNDA:0,BackendError::allocation_error
FNDA:72057594037928041,BackendError::invalid_operation
DA:42,0
DA:44,0
DA:49,0
DA:51,0
DA:56,72057594037928041
DA:58,72057594037928041
LF:6
LH:2
end_of_record
TN:
SF:D:\coeus\backend\src\gpu.rs
FN:275,GpuBackend::new
FN:314,GpuBackend::adapter_info
FN:319,GpuBackend::execute_matmul_compute_f32
FN:519,GpuBackend::execute_sum_dim_2d_f32
FN:705,GpuBackend::execute_elementwise_compute_f32
FN:856,GpuBackend::execute_concat_simple
FN:895,<impl Backend for GpuBackend>::device
FN:899,<impl Backend for GpuBackend>::allocate
FN:920,<impl Backend for GpuBackend>::copy_from_host
FN:968,<impl Backend for GpuBackend>::copy_to_host
FN:1018,<impl Backend for GpuBackend>::add
FN:1042,<impl Backend for GpuBackend>::sub
FN:1066,<impl Backend for GpuBackend>::mul
FN:1090,<impl Backend for GpuBackend>::div
FN:1114,<impl Backend for GpuBackend>::matmul
FN:1168,<impl Backend for GpuBackend>::transpose
FN:1174,<impl Backend for GpuBackend>::sum_dim
FN:1198,<impl Backend for GpuBackend>::mean_dim
FN:1247,<impl Backend for GpuBackend>::cat
FNF:19
FNDA:1873497444986126336,GpuBackend::new
FNDA:72057594037927936,GpuBackend::adapter_info
FNDA:288230376151711744,GpuBackend::execute_matmul_compute_f32
FNDA:0,GpuBackend::execute_sum_dim_2d_f32
FNDA:360287970189639680,GpuBackend::execute_elementwise_compute_f32
FNDA:0,GpuBackend::execute_concat_simple
FNDA:144115188075855872,<impl Backend for GpuBackend>::device
FNDA:720575940379279360,<impl Backend for GpuBackend>::allocate
FNDA:2161727821137838080,<impl Backend for GpuBackend>::copy_from_host
FNDA:2305843009213693952,<impl Backend for GpuBackend>::copy_to_host
FNDA:288230376151711744,<impl Backend for GpuBackend>::add
FNDA:72057594037927936,<impl Backend for GpuBackend>::sub
FNDA:216172782113783808,<impl Backend for GpuBackend>::mul
FNDA:72057594037927936,<impl Backend for GpuBackend>::div
FNDA:504403158265495552,<impl Backend for GpuBackend>::matmul
FNDA:0,<impl Backend for GpuBackend>::transpose
FNDA:144115188075855872,<impl Backend for GpuBackend>::sum_dim
FNDA:144115188075855872,<impl Backend for GpuBackend>::mean_dim
FNDA:0,<impl Backend for GpuBackend>::cat
DA:275,1873497444986126336
DA:277,1729382256910270464
DA:278,576460752303423488
DA:279,576460752303423488
DA:283,1729382256910270464
DA:284,1152921504606846976
DA:285,576460752303423488
DA:286,576460752303423488
DA:287,576460752303423488
DA:289,576460752303423488
DA:290,576460752303423488
DA:293,576460752303423488
DA:295,0
DA:296,0
DA:297,0
DA:298,0
DA:300,0
DA:302,0
DA:303,576460752303423488
DA:305,0
DA:306,0
DA:307,0
DA:308,0
DA:309,0
DA:314,72057594037927936
DA:315,144115188075855872
DA:319,288230376151711744
DA:324,864691128455135232
DA:325,864691128455135232
DA:328,576460752303423488
DA:329,0
DA:330,0
DA:334,0
DA:335,0
DA:336,0
DA:338,0
DA:339,0
DA:340,0
DA:341,0
DA:345,288230376151711744
DA:346,0
DA:347,0
DA:348,0
DA:352,288230376151711744
DA:353,0
DA:354,0
DA:355,0
DA:360,0
DA:361,0
DA:362,0
DA:363,0
DA:364,0
DA:365,0
DA:369,0
DA:370,0
DA:371,0
DA:372,0
DA:373,0
DA:374,0
DA:379,0
DA:380,0
DA:382,0
DA:385,0
DA:386,0
DA:387,0
DA:388,0
DA:389,0
DA:390,0
DA:391,0
DA:392,0
DA:393,0
DA:394,0
DA:395,0
DA:396,0
DA:398,0
DA:400,0
DA:401,0
DA:402,0
DA:403,0
DA:404,0
DA:405,0
DA:406,0
DA:408,0
DA:410,0
DA:411,0
DA:412,0
DA:413,0
DA:414,0
DA:415,0
DA:416,0
DA:418,0
DA:420,0
DA:421,0
DA:422,0
DA:423,0
DA:424,0
DA:425,0
DA:426,0
DA:428,0
DA:434,0
DA:435,0
DA:436,0
DA:437,0
DA:438,0
DA:439,0
DA:440,0
DA:442,0
DA:443,0
DA:444,0
DA:446,0
DA:447,0
DA:448,0
DA:450,0
DA:451,0
DA:452,0
DA:458,0
DA:459,0
DA:460,0
DA:461,0
DA:462,0
DA:463,0
DA:467,0
DA:468,0
DA:469,0
DA:470,0
DA:471,0
DA:475,0
DA:476,0
DA:477,0
DA:478,0
DA:479,0
DA:480,0
DA:481,0
DA:485,0
DA:486,0
DA:487,0
DA:488,0
DA:493,0
DA:494,0
DA:495,0
DA:497,0
DA:498,0
DA:501,0
DA:502,0
DA:503,0
DA:507,0
DA:509,0
DA:510,0
DA:511,0
DA:512,0
DA:514,0
DA:519,0
DA:524,0
DA:525,0
DA:526,0
DA:530,0
DA:531,0
DA:532,0
DA:533,0
DA:537,0
DA:538,0
DA:539,0
DA:541,0
DA:542,0
DA:543,0
DA:544,0
DA:549,0
DA:552,0
DA:556,0
DA:561,0
DA:562,0
DA:563,0
DA:564,0
DA:565,0
DA:566,0
DA:570,0
DA:571,0
DA:572,0
DA:573,0
DA:574,0
DA:575,0
DA:580,0
DA:581,0
DA:583,0
DA:586,0
DA:587,0
DA:588,0
DA:589,0
DA:590,0
DA:591,0
DA:592,0
DA:593,0
DA:594,0
DA:595,0
DA:596,0
DA:597,0
DA:599,0
DA:601,0
DA:602,0
DA:603,0
DA:604,0
DA:605,0
DA:606,0
DA:607,0
DA:609,0
DA:611,0
DA:612,0
DA:613,0
DA:614,0
DA:615,0
DA:616,0
DA:617,0
DA:619,0
DA:625,0
DA:626,0
DA:627,0
DA:628,0
DA:629,0
DA:630,0
DA:631,0
DA:633,0
DA:634,0
DA:635,0
DA:637,0
DA:638,0
DA:639,0
DA:645,0
DA:646,0
DA:647,0
DA:648,0
DA:649,0
DA:650,0
DA:654,0
DA:655,0
DA:656,0
DA:657,0
DA:658,0
DA:662,0
DA:663,0
DA:664,0
DA:665,0
DA:666,0
DA:667,0
DA:668,0
DA:672,0
DA:673,0
DA:674,0
DA:675,0
DA:680,0
DA:681,0
DA:682,0
DA:684,0
DA:685,0
DA:688,0
DA:689,0
DA:693,0
DA:695,0
DA:696,0
DA:697,0
DA:698,0
DA:700,0
DA:705,360287970189639680
DA:711,720575940379279360
DA:712,0
DA:713,0
DA:714,0
DA:718,360287970189639680
DA:719,0
DA:720,0
DA:721,0
DA:725,0
DA:726,0
DA:729,0
DA:730,0
DA:731,0
DA:732,0
DA:733,0
DA:737,0
DA:738,0
DA:739,0
DA:740,0
DA:741,0
DA:742,0
DA:743,0
DA:744,0
DA:745,0
DA:746,0
DA:747,0
DA:748,0
DA:750,0
DA:752,0
DA:753,0
DA:754,0
DA:755,0
DA:756,0
DA:757,0
DA:758,0
DA:760,0
DA:762,0
DA:763,0
DA:764,0
DA:765,0
DA:766,0
DA:767,0
DA:768,0
DA:770,0
DA:776,0
DA:777,0
DA:778,0
DA:779,0
DA:780,0
DA:781,0
DA:782,0
DA:784,0
DA:785,0
DA:786,0
DA:788,0
DA:789,0
DA:790,0
DA:796,0
DA:797,0
DA:798,0
DA:799,0
DA:800,0
DA:801,0
DA:805,0
DA:806,0
DA:807,0
DA:808,0
DA:809,0
DA:813,0
DA:814,0
DA:815,0
DA:816,0
DA:817,0
DA:818,0
DA:819,0
DA:823,0
DA:824,0
DA:825,0
DA:826,0
DA:831,0
DA:832,0
DA:833,0
DA:835,0
DA:836,0
DA:839,0
DA:840,0
DA:844,0
DA:846,0
DA:847,0
DA:848,0
DA:849,0
DA:851,0
DA:856,0
DA:862,0
DA:863,0
DA:866,0
DA:867,0
DA:868,0
DA:870,0
DA:873,0
DA:874,0
DA:876,0
DA:877,0
DA:878,0
DA:879,0
DA:883,0
DA:884,0
DA:885,0
DA:886,0
DA:889,0
DA:895,144115188075855872
DA:896,144115188075855872
DA:899,720575940379279360
DA:900,0
DA:901,0
DA:905,0
DA:906,0
DA:907,0
DA:908,0
DA:909,0
DA:910,0
DA:911,0
DA:914,0
DA:915,0
DA:916,0
DA:920,2161727821137838080
DA:921,0
DA:922,0
DA:925,0
DA:926,0
DA:927,0
DA:928,0
DA:929,0
DA:934,0
DA:935,0
DA:936,0
DA:938,0
DA:941,0
DA:942,0
DA:943,0
DA:944,0
DA:945,0
DA:946,0
DA:947,0
DA:951,0
DA:952,0
DA:953,0
DA:954,0
DA:956,0
DA:957,0
DA:959,0
DA:960,0
DA:961,0
DA:962,0
DA:964,0
DA:968,2305843009213693952
DA:969,0
DA:970,0
DA:971,0
DA:972,0
DA:976,0
DA:977,0
DA:980,0
DA:981,0
DA:982,0
DA:983,0
DA:984,0
DA:988,0
DA:989,0
DA:990,0
DA:991,0
DA:993,0
DA:994,0
DA:997,0
DA:998,0
DA:1000,2305843009213693952
DA:1001,9223372036854775808
DA:1004,0
DA:1005,0
DA:1007,0
DA:1008,0
DA:1009,0
DA:1011,0
DA:1014,0
DA:1015,0
DA:1018,288230376151711744
DA:1020,0
DA:1022,0
DA:1023,0
DA:1024,0
DA:1026,0
DA:1029,0
DA:1030,0
DA:1032,0
DA:1033,0
DA:1034,0
DA:1035,0
DA:1037,0
DA:1038,0
DA:1042,72057594037927936
DA:1044,0
DA:1046,0
DA:1047,0
DA:1048,0
DA:1050,0
DA:1053,0
DA:1054,0
DA:1056,0
DA:1057,0
DA:1058,0
DA:1059,0
DA:1061,0
DA:1062,0
DA:1066,216172782113783808
DA:1068,0
DA:1070,0
DA:1071,0
DA:1072,0
DA:1074,0
DA:1077,0
DA:1078,0
DA:1080,0
DA:1081,0
DA:1082,0
DA:1083,0
DA:1085,0
DA:1086,0
DA:1090,72057594037927936
DA:1092,0
DA:1094,0
DA:1095,0
DA:1096,0
DA:1098,0
DA:1101,0
DA:1102,0
DA:1104,0
DA:1105,0
DA:1106,0
DA:1107,0
DA:1109,0
DA:1110,0
DA:1114,504403158265495552
DA:1116,0
DA:1117,0
DA:1119,0
DA:1120,0
DA:1121,0
DA:1125,0
DA:1126,0
DA:1127,0
DA:1128,0
DA:1129,0
DA:1134,0
DA:1139,0
DA:1143,0
DA:1147,0
DA:1151,0
DA:1154,0
DA:1155,0
DA:1157,0
DA:1158,0
DA:1159,0
DA:1160,0
DA:1163,0
DA:1164,0
DA:1168,0
DA:1170,0
DA:1171,0
DA:1174,144115188075855872
DA:1176,0
DA:1179,0
DA:1180,0
DA:1181,0
DA:1185,0
DA:1186,0
DA:1187,0
DA:1188,0
DA:1189,0
DA:1190,0
DA:1192,0
DA:1193,0
DA:1194,0
DA:1198,144115188075855872
DA:1200,0
DA:1203,0
DA:1204,0
DA:1207,0
DA:1210,0
DA:1211,0
DA:1213,3906
DA:1215,15624
DA:1216,3906
DA:1221,0
DA:1223,0
DA:1227,0
DA:1228,0
DA:1229,0
DA:1230,0
DA:1234,0
DA:1235,0
DA:1236,0
DA:1237,0
DA:1238,0
DA:1239,0
DA:1241,0
DA:1242,0
DA:1243,0
DA:1247,0
DA:1249,0
DA:1250,0
DA:1251,0
DA:1255,0
DA:1256,0
DA:1257,0
DA:1262,0
DA:1263,0
DA:1264,0
DA:1265,0
DA:1266,0
DA:1267,0
DA:1272,0
DA:1273,0
DA:1274,0
DA:1275,0
DA:1276,0
DA:1277,0
DA:1278,0
DA:1279,0
DA:1284,0
DA:1285,0
DA:1286,0
DA:1287,0
DA:1288,0
DA:1296,0
LF:596
LH:41
end_of_record
TN:
SF:D:\coeus\backend\src\lib.rs
FN:161,Backend::zeros
FN:170,Backend::ones
FN:243,ops::add
FN:252,ops::matmul
FN:261,ops::from_data
FN:270,ops::zeros
FN:304,Tensor<T>::shape
FN:309,Tensor<T>::numel
FN:314,Tensor<T>::is_scalar
FN:319,Tensor<T>::item
FN:330,<impl Clone for Tensor<T>>::clone
FNF:11
FNDA:936748722493063168,Backend::zeros
FNDA:72057594037927936,Backend::ones
FNDA:0,ops::add
FNDA:0,ops::matmul
FNDA:0,ops::from_data
FNDA:0,ops::zeros
FNDA:6052837899185946624,Tensor<T>::shape
FNDA:3458764513820540928,Tensor<T>::numel
FNDA:360287970189639680,Tensor<T>::is_scalar
FNDA:72057594037927936,Tensor<T>::item
FNDA:0,<impl Clone for Tensor<T>>::clone
DA:161,936748722493063168
DA:162,0
DA:163,0
DA:164,0
DA:165,0
DA:170,72057594037927936
DA:171,0
DA:172,0
DA:173,0
DA:174,0
DA:243,0
DA:248,0
DA:252,0
DA:257,0
DA:261,0
DA:266,0
DA:270,0
DA:274,0
DA:304,6052837899185946624
DA:305,6052837899185946624
DA:309,3458764513820540928
DA:310,6917529027641081856
DA:314,360287970189639680
DA:315,720575940379279360
DA:319,72057594037927936
DA:320,144115188075855872
DA:322,72057594037927936
DA:323,72057594037927936
DA:324,0
DA:330,0
DA:332,0
DA:333,0
LF:32
LH:12
end_of_record
TN:
SF:D:\coeus\dtype\src\lib.rs
FN:30,Dtype::is_float
FN:35,Dtype::is_signed
FN:43,Dtype::to_f64
FN:91,quantization::QuantizationCalib<T>::calibrate
FN:133,quantization::QuantizationCalib<T>::symmetric_scale
FN:138,quantization::QuantizationCalib<T>::asymmetric_scale_zero_point
FN:151,quantization::quantize_tensor
FN:162,quantization::dequantize_tensor
FN:264,<impl QuantizedDtype for i8>::scale
FN:268,<impl QuantizedDtype for i8>::zero_point
FN:272,<impl QuantizedDtype for i8>::quantization_range
FN:276,<impl QuantizedDtype for i8>::quantize
FN:281,<impl QuantizedDtype for i8>::dequantize
FN:288,<impl QuantizedDtype for u8>::scale
FN:292,<impl QuantizedDtype for u8>::zero_point
FN:296,<impl QuantizedDtype for u8>::quantization_range
FN:300,<impl QuantizedDtype for u8>::quantize
FN:305,<impl QuantizedDtype for u8>::dequantize
FN:312,<impl QuantizedDtype for i16>::scale
FN:316,<impl QuantizedDtype for i16>::zero_point
FN:320,<impl QuantizedDtype for i16>::quantization_range
FN:324,<impl QuantizedDtype for i16>::quantize
FN:329,<impl QuantizedDtype for i16>::dequantize
FN:354,DataType::size
FN:366,DataType::is_float
FN:374,DataType::is_signed
FN:390,DataType::supports_signed_ops
FN:395,DataType::name
FN:415,<impl Display for DataType>::fmt
FN:442,DataContainer::new
FN:449,DataContainer::from_f32
FN:454,DataContainer::from_f64
FN:459,DataContainer::from_i32
FN:464,DataContainer::from_i64
FN:469,DataContainer::len
FN:488,DataContainer::is_empty
FN:493,DataContainer::dtype
FN:513,<impl Debug for DataContainer>::fmt
FNF:38
FNDA:0,Dtype::is_float
FNDA:0,Dtype::is_signed
FNDA:0,Dtype::to_f64
FNDA:72057594037927936,quantization::QuantizationCalib<T>::calibrate
FNDA:72057594037927936,quantization::QuantizationCalib<T>::symmetric_scale
FNDA:72057594037927936,quantization::QuantizationCalib<T>::asymmetric_scale_zero_point
FNDA:72057594037927936,quantization::quantize_tensor
FNDA:72057594037927936,quantization::dequantize_tensor
FNDA:792633534417207296,<impl QuantizedDtype for i8>::scale
FNDA:792633534417207296,<impl QuantizedDtype for i8>::zero_point
FNDA:72057594037927936,<impl QuantizedDtype for i8>::quantization_range
FNDA:936748722493063168,<impl QuantizedDtype for i8>::quantize
FNDA:792633534417207296,<impl QuantizedDtype for i8>::dequantize
FNDA:648518346341351424,<impl QuantizedDtype for u8>::scale
FNDA:648518346341351424,<impl QuantizedDtype for u8>::zero_point
FNDA:72057594037927936,<impl QuantizedDtype for u8>::quantization_range
FNDA:288230376151711744,<impl QuantizedDtype for u8>::quantize
FNDA:288230376151711744,<impl QuantizedDtype for u8>::dequantize
FNDA:1008806316530991104,<impl QuantizedDtype for i16>::scale
FNDA:1008806316530991104,<impl QuantizedDtype for i16>::zero_point
FNDA:72057594037927936,<impl QuantizedDtype for i16>::quantization_range
FNDA:504403158265495552,<impl QuantizedDtype for i16>::quantize
FNDA:504403158265495552,<impl QuantizedDtype for i16>::dequantize
FNDA:288230376151711744,DataType::size
FNDA:288230376151711744,DataType::is_float
FNDA:288230376151711744,DataType::is_signed
FNDA:0,DataType::supports_signed_ops
FNDA:0,DataType::name
FNDA:0,<impl Display for DataType>::fmt
FNDA:0,DataContainer::new
FNDA:0,DataContainer::from_f32
FNDA:0,DataContainer::from_f64
FNDA:0,DataContainer::from_i32
FNDA:0,DataContainer::from_i64
FNDA:0,DataContainer::len
FNDA:0,DataContainer::is_empty
FNDA:0,DataContainer::dtype
FNDA:0,<impl Debug for DataContainer>::fmt
DA:30,0
DA:31,0
DA:35,0
DA:36,0
DA:43,0
DA:44,0
DA:91,72057594037927936
DA:92,1369094286720630784
DA:93,1369094286720630784
DA:95,144115188075855872
DA:96,144115188075855872
DA:99,216172782113783808
DA:101,216172782113783808
DA:102,216172782113783808
DA:103,216172782113783808
DA:105,72057594037927936
DA:107,0
DA:110,0
DA:113,216172782113783808
DA:114,0
DA:117,0
DA:118,0
DA:120,0
DA:133,72057594037927936
DA:134,72057594037927936
DA:138,72057594037927936
DA:143,144115188075855872
DA:144,144115188075855872
DA:145,144115188075855872
DA:146,72057594037927936
DA:151,72057594037927936
DA:155,72057594037927936
DA:157,1513209474796486656
DA:162,72057594037927936
DA:166,72057594037927936
DA:168,1513209474796486656
DA:179,4395513236314274327
DA:180,4395513236314274327
DA:182,216172782113783810
DA:183,216172782113783810
DA:185,216172782113783808
DA:188,216172782113783806
DA:189,216172782113783806
DA:199,72057594037927936
DA:200,72057594037927936
DA:202,216172782113783808
DA:205,72057594037927936
DA:208,6917529027641081856
DA:209,6917529027641081856
DA:264,792633534417207296
DA:265,792633534417207296
DA:268,792633534417207296
DA:269,792633534417207296
DA:272,72057594037927936
DA:273,72057594037927936
DA:276,936748722493063168
DA:277,1873497444986126336
DA:278,2810246167479189504
DA:281,792633534417207296
DA:282,792633534417207296
DA:288,648518346341351424
DA:289,648518346341351424
DA:292,648518346341351424
DA:293,648518346341351424
DA:296,72057594037927936
DA:297,72057594037927936
DA:300,288230376151711744
DA:301,576460752303423488
DA:302,864691128455135232
DA:305,288230376151711744
DA:306,288230376151711744
DA:312,1008806316530991104
DA:313,1008806316530991104
DA:316,1008806316530991104
DA:317,1008806316530991104
DA:320,72057594037927936
DA:321,72057594037927936
DA:324,504403158265495552
DA:325,1008806316530991104
DA:326,1513209474796486656
DA:329,504403158265495552
DA:330,504403158265495552
DA:354,288230376151711744
DA:355,288230376151711744
DA:356,0
DA:357,144115188075855872
DA:358,72057594037927936
DA:359,0
DA:360,0
DA:361,72057594037927936
DA:366,288230376151711744
DA:367,72057594037927936
DA:368,288230376151711744
DA:374,288230376151711744
DA:375,288230376151711744
DA:376,0
DA:384,216172782113783808
DA:385,72057594037927936
DA:390,0
DA:391,0
DA:395,0
DA:396,0
DA:397,0
DA:398,0
DA:399,0
DA:400,0
DA:401,0
DA:402,0
DA:403,0
DA:404,0
DA:405,0
DA:406,0
DA:407,0
DA:408,0
DA:409,0
DA:415,0
DA:416,0
DA:442,0
DA:445,0
DA:449,0
DA:450,0
DA:454,0
DA:455,0
DA:459,0
DA:460,0
DA:464,0
DA:465,0
DA:469,0
DA:470,0
DA:471,0
DA:472,0
DA:473,0
DA:474,0
DA:475,0
DA:476,0
DA:477,0
DA:478,0
DA:479,0
DA:480,0
DA:481,0
DA:482,0
DA:483,0
DA:488,0
DA:489,0
DA:493,0
DA:494,0
DA:495,0
DA:496,0
DA:497,0
DA:498,0
DA:499,0
DA:500,0
DA:501,0
DA:502,0
DA:503,0
DA:504,0
DA:505,0
DA:506,0
DA:507,0
DA:513,0
DA:514,0
DA:515,0
DA:516,0
DA:517,0
DA:518,0
DA:519,0
DA:520,0
DA:521,0
DA:522,0
DA:523,0
DA:524,0
DA:525,0
DA:526,0
DA:527,0
LF:174
LH:82
end_of_record
TN:
SF:D:\coeus\fft\src\lib.rs
FN:96,tensor_to_complex
FN:105,complex_to_tensor
FN:117,fft_nd
FN:134,ifft_nd
FN:151,compute_strides
FN:163,compute_flat_index
FN:181,fft
FN:305,ifft
FN:432,fft2
FN:506,ifft2
FN:575,rfft
FN:737,irfft
FNF:12
FNDA:0,tensor_to_complex
FNDA:2882303761517117440,complex_to_tensor
FNDA:288230376151711744,fft_nd
FNDA:144115188075855872,ifft_nd
FNDA:1729382256910270464,compute_strides
FNDA:1729382256910270464,compute_flat_index
FNDA:2161727821137838080,fft
FNDA:504403158265495552,ifft
FNDA:216172782113783808,fft2
FNDA:72057594037927936,ifft2
FNDA:216172782113783808,rfft
FNDA:72057594037927936,irfft
DA:96,0
DA:98,0
DA:100,0
DA:105,2882303761517117440
DA:109,8646911284551352320
DA:111,4179340454199820291
DA:113,8646911284551352320
DA:117,288230376151711744
DA:123,864691128455135232
DA:125,1441151880758558720
DA:126,864691128455135232
DA:127,1729382256910270464
DA:130,288230376151711744
DA:134,144115188075855872
DA:140,432345564227567616
DA:142,720575940379279360
DA:143,432345564227567616
DA:144,864691128455135232
DA:147,144115188075855872
DA:151,1729382256910270464
DA:152,6917529027641081856
DA:153,1729382256910270464
DA:154,1729382256910270464
DA:155,1729382256910270464
DA:159,1729382256910270464
DA:163,1729382256910270464
DA:164,1729382256910270464
DA:166,5188146770730811392
DA:167,8646911284551352320
DA:181,2161727821137838080
DA:187,6485183463413514240
DA:188,8646911284551352320
DA:191,4323455642275676160
DA:192,6485183463413514240
DA:194,4323455642275676160
DA:195,72057594037927936
DA:196,144115188075855872
DA:197,144115188075855872
DA:198,72057594037927936
DA:199,72057594037927936
DA:204,0
DA:205,0
DA:208,0
DA:209,0
DA:212,0
DA:213,0
DA:215,2810246167479189504
DA:216,360287970189639680
DA:217,360287970189639680
DA:218,3170534137668829184
DA:219,360287970189639680
DA:224,0
DA:227,2666130979403333632
DA:228,4323455642275676160
DA:230,0
DA:232,14699749183737298944
DA:235,14555633995661443073
DA:238,16861477004875137024
DA:239,7638104968020361216
DA:242,14987979559889010688
DA:243,2882303761517117440
DA:244,4611686018427387904
DA:245,2882303761517117440
DA:248,1729382256910270464
DA:250,14987979559889010688
DA:252,576460752303423488
DA:254,0
DA:257,144115188075855872
DA:259,0
DA:263,0
DA:266,0
DA:267,3819052484010180608
DA:268,0
DA:269,288230376151711744
DA:270,1297036692682702848
DA:271,0
DA:274,0
DA:275,432345564227567616
DA:276,1657324662872342528
DA:277,0
DA:280,144115188075855872
DA:284,0
DA:289,0
DA:290,0
DA:292,0
DA:305,504403158265495552
DA:311,1513209474796486656
DA:312,2017612633061982208
DA:315,1008806316530991104
DA:316,1513209474796486656
DA:318,1008806316530991104
DA:319,0
DA:320,0
DA:321,0
DA:322,0
DA:323,0
DA:328,0
DA:329,0
DA:332,0
DA:333,0
DA:335,648518346341351424
DA:336,72057594037927936
DA:337,72057594037927936
DA:338,720575940379279360
DA:339,72057594037927936
DA:344,0
DA:347,576460752303423488
DA:348,792633534417207296
DA:350,0
DA:352,2594073385365405696
DA:354,0
DA:355,1441151880758558720
DA:357,1152921504606846976
DA:358,0
DA:359,0
DA:361,0
DA:362,576460752303423488
DA:363,1152921504606846976
DA:364,576460752303423488
DA:367,576460752303423488
DA:368,0
DA:369,0
DA:370,0
DA:374,0
DA:377,0
DA:379,12970366926827028480
DA:380,5188146770730811392
DA:382,0
DA:384,0
DA:388,0
DA:389,0
DA:390,0
DA:393,0
DA:394,576460752303423488
DA:395,0
DA:396,144115188075855872
DA:397,648518346341351424
DA:398,0
DA:401,0
DA:402,144115188075855872
DA:403,648518346341351424
DA:404,0
DA:407,72057594037927936
DA:411,0
DA:416,0
DA:417,0
DA:419,0
DA:432,216172782113783808
DA:438,864691128455135232
DA:439,864691128455135232
DA:441,216172782113783808
DA:442,0
DA:443,0
DA:447,0
DA:448,72057594037927936
DA:449,72057594037927936
DA:454,0
DA:455,720575940379279360
DA:456,576460752303423488
DA:457,288230376151711744
DA:459,0
DA:461,576460752303423488
DA:462,0
DA:463,0
DA:464,0
DA:465,0
DA:466,0
DA:470,0
DA:474,144115188075855872
DA:475,0
DA:476,0
DA:477,0
DA:478,0
DA:481,0
DA:482,0
DA:487,288230376151711744
DA:489,0
DA:490,0
DA:491,0
DA:492,0
DA:506,72057594037927936
DA:512,288230376151711744
DA:513,288230376151711744
DA:515,72057594037927936
DA:516,0
DA:517,0
DA:521,0
DA:522,0
DA:523,0
DA:528,0
DA:529,360287970189639680
DA:530,288230376151711744
DA:531,144115188075855872
DA:533,0
DA:535,288230376151711744
DA:536,0
DA:537,0
DA:538,0
DA:539,0
DA:540,0
DA:544,0
DA:548,72057594037927936
DA:549,0
DA:550,0
DA:551,0
DA:552,0
DA:555,0
DA:556,0
DA:561,144115188075855872
DA:562,0
DA:575,216172782113783808
DA:583,648518346341351424
DA:584,864691128455135232
DA:587,432345564227567616
DA:588,648518346341351424
DA:590,432345564227567616
DA:591,0
DA:592,0
DA:593,0
DA:594,0
DA:595,0
DA:600,0
DA:601,0
DA:604,0
DA:607,0
DA:608,0
DA:610,288230376151711744
DA:611,72057594037927936
DA:612,72057594037927936
DA:613,288230376151711744
DA:614,0
DA:619,0
DA:622,288230376151711744
DA:623,288230376151711744
DA:625,0
DA:627,1441151880758558720
DA:628,0
DA:630,2882303761517117440
DA:631,864691128455135232
DA:633,576460752303423488
DA:634,0
DA:635,0
DA:637,0
DA:638,0
DA:639,0
DA:640,0
DA:641,0
DA:642,0
DA:643,0
DA:645,0
DA:646,0
DA:651,0
DA:652,0
DA:655,576460752303423488
DA:656,0
DA:657,0
DA:658,0
DA:662,0
DA:665,2882303761517117440
DA:667,5764607523034234880
DA:669,0
DA:672,0
DA:674,0
DA:678,0
DA:679,0
DA:680,0
DA:683,0
DA:685,2882303761517117440
DA:689,0
DA:692,0
DA:695,0
DA:698,0
DA:699,288230376151711744
DA:700,0
DA:701,0
DA:702,0
DA:703,0
DA:706,0
DA:707,0
DA:708,0
DA:709,0
DA:712,0
DA:716,0
DA:721,0
DA:722,0
DA:724,0
DA:737,72057594037927936
DA:745,216172782113783808
DA:746,288230376151711744
DA:749,144115188075855872
DA:750,216172782113783808
DA:752,144115188075855872
DA:753,0
DA:754,0
DA:755,0
DA:756,0
DA:757,0
DA:762,0
DA:764,0
DA:767,0
DA:768,0
DA:770,72057594037927936
DA:771,0
DA:772,0
DA:773,72057594037927936
DA:774,0
DA:779,0
DA:782,72057594037927936
DA:783,72057594037927936
DA:785,0
DA:787,360287970189639680
DA:789,0
DA:790,360287970189639680
DA:792,0
DA:793,0
DA:794,0
DA:796,0
DA:797,0
DA:798,0
DA:799,0
DA:802,0
DA:803,0
DA:804,0
DA:805,0
DA:809,0
DA:812,0
DA:814,1801439850948198400
DA:817,720575940379279360
DA:819,0
DA:821,0
DA:825,0
DA:828,0
DA:831,0
DA:832,72057594037927936
DA:833,0
DA:834,0
DA:835,0
DA:836,0
DA:839,0
DA:840,0
DA:841,0
DA:842,0
DA:845,0
DA:849,0
DA:850,0
DA:851,0
DA:854,0
DA:855,576460752303423488
DA:856,0
DA:860,0
DA:865,0
DA:866,0
DA:869,0
DA:871,1152921504606846976
DA:874,0
LF:355
LH:150
end_of_record
TN:
SF:D:\coeus\hub\src\error.rs
FN:72,HubError::other
FN:79,HubError::state_dict
FN:86,HubError::invalid_format
FNF:3
FNDA:0,HubError::other
FNDA:0,HubError::state_dict
FNDA:0,HubError::invalid_format
DA:72,0
DA:74,0
DA:79,0
DA:81,0
DA:86,0
DA:88,0
LF:6
LH:0
end_of_record
TN:
SF:D:\coeus\hub\src\hub.rs
FN:23,Hub::new
FN:32,Hub::with_cache_dir
FN:41,Hub::with_registry
FN:50,Hub::init_default
FN:57,Hub::load
FN:89,Hub::load_default
FN:94,Hub::list_models
FN:103,Hub::list_repos
FN:109,Hub::model_info
FN:115,Hub::has_model
FN:121,Hub::clear_cache
FN:130,Hub::clear_all_cache
FN:139,Hub::set_cache_dir
FN:144,Hub::set_cache_enabled
FN:149,Hub::cache_dir
FN:154,Hub::load_from_cache
FN:171,Hub::save_to_cache
FN:183,Hub::cache_path
FN:188,Hub::add_model
FN:194,Hub::remove_model
FN:201,<impl Default for Hub>::default
FN:212,global_hub
FN:217,load
FN:222,load_force
FNF:24
FNDA:144115188075855872,Hub::new
FNDA:72057594037927936,Hub::with_cache_dir
FNDA:72057594037927936,Hub::with_registry
FNDA:0,Hub::init_default
FNDA:0,Hub::load
FNDA:0,Hub::load_default
FNDA:72057594037927936,Hub::list_models
FNDA:72057594037927936,Hub::list_repos
FNDA:72057594037927936,Hub::model_info
FNDA:288230376151711744,Hub::has_model
FNDA:0,Hub::clear_cache
FNDA:0,Hub::clear_all_cache
FNDA:0,Hub::set_cache_dir
FNDA:0,Hub::set_cache_enabled
FNDA:72057594037927936,Hub::cache_dir
FNDA:0,Hub::load_from_cache
FNDA:0,Hub::save_to_cache
FNDA:0,Hub::cache_path
FNDA:0,Hub::add_model
FNDA:0,Hub::remove_model
FNDA:0,<impl Default for Hub>::default
FNDA:72057594037927936,global_hub
FNDA:0,load
FNDA:0,load_force
DA:23,144115188075855872
DA:25,432345564227567616
DA:26,144115188075855872
DA:32,72057594037927936
DA:34,288230376151711744
DA:35,72057594037927936
DA:41,72057594037927936
DA:43,216172782113783808
DA:44,72057594037927936
DA:50,0
DA:51,0
DA:52,0
DA:53,0
DA:57,0
DA:89,0
DA:94,72057594037927936
DA:95,216172782113783808
DA:96,144115188075855872
DA:97,72057594037927936
DA:98,360287970189639680
DA:103,72057594037927936
DA:104,216172782113783808
DA:105,216172782113783808
DA:109,72057594037927936
DA:110,216172782113783808
DA:111,288230376151711744
DA:115,288230376151711744
DA:116,864691128455135232
DA:117,864691128455135232
DA:121,0
DA:122,0
DA:123,0
DA:124,0
DA:126,0
DA:130,0
DA:131,0
DA:132,0
DA:133,0
DA:135,0
DA:139,0
DA:140,0
DA:144,0
DA:145,0
DA:149,72057594037927936
DA:150,72057594037927936
DA:154,0
DA:171,0
DA:183,0
DA:184,0
DA:188,0
DA:189,0
DA:190,0
DA:194,0
DA:195,0
DA:196,0
DA:201,0
DA:202,0
DA:212,72057594037927936
DA:213,72057594037927936
DA:217,0
DA:222,0
LF:61
LH:27
end_of_record
TN:
SF:D:\coeus\hub\src\lib.rs
FN:99,default_cache_dir
FN:107,init
FNF:2
FNDA:216172782113783808,default_cache_dir
FNDA:0,init
DA:99,216172782113783808
DA:100,432345564227567616
DA:101,216172782113783808
DA:107,0
DA:108,0
LF:5
LH:3
end_of_record
TN:
SF:D:\coeus\hub\src\loader.rs
FN:10,load_state_dict
FN:29,save_state_dict
FN:49,load_pickle_state_dict
FN:69,load_json_state_dict
FN:86,save_json_state_dict
FN:99,load_state_dict_from_url
FN:106,download_file
FN:134,hash_data
FNF:8
FNDA:0,load_state_dict
FNDA:0,save_state_dict
FNDA:0,load_pickle_state_dict
FNDA:216172782113783808,load_json_state_dict
FNDA:72057594037927936,save_json_state_dict
FNDA:0,load_state_dict_from_url
FNDA:0,download_file
FNDA:0,hash_data
DA:10,0
DA:11,0
DA:14,0
DA:15,0
DA:16,0
DA:17,0
DA:21,0
DA:22,0
DA:25,0
DA:29,0
DA:30,0
DA:34,0
DA:36,0
DA:37,0
DA:38,0
DA:39,0
DA:43,0
DA:45,0
DA:49,0
DA:54,0
DA:55,0
DA:69,216172782113783808
DA:70,648518346341351424
DA:74,432345564227567616
DA:86,72057594037927936
DA:88,144115188075855872
DA:90,360287970189639680
DA:95,216172782113783808
DA:99,0
DA:106,0
DA:134,0
DA:136,0
DA:137,0
DA:138,0
DA:139,0
LF:35
LH:7
end_of_record
TN:
SF:D:\coeus\hub\src\registry.rs
FN:27,<impl Default for ModelType>::default
FN:53,<impl From for String>::from
FN:111,ModelInfo::new
FN:135,ModelInfo::new_gguf
FN:156,ModelInfo::with_hash
FN:162,ModelInfo::with_size
FN:168,ModelInfo::with_config
FN:174,ModelInfo::with_model_type
FN:180,ModelInfo::with_quantization
FN:186,ModelInfo::with_architecture
FN:192,ModelInfo::with_context_length
FN:198,ModelInfo::with_vocab_size
FN:204,ModelInfo::with_parameters_millions
FN:210,ModelInfo::requires_auth
FN:216,ModelInfo::with_license
FN:222,ModelInfo::with_author
FN:228,ModelInfo::created_at
FN:234,ModelInfo::updated_at
FN:240,ModelInfo::is_gguf
FN:245,ModelInfo::is_quantized
FN:255,ModelInfo::estimated_memory_usage
FN:279,ModelRegistry::new
FN:286,ModelRegistry::gguf_models
FN:293,ModelRegistry::quantized_models
FN:300,ModelRegistry::models_by_architecture
FN:313,ModelRegistry::models_by_quantization
FN:326,ModelRegistry::auth_required_models
FN:333,ModelRegistry::search_models
FN:353,ModelRegistry::statistics
FN:398,ModelRegistry::add_model
FN:406,ModelRegistry::get_model
FN:413,ModelRegistry::get_repo_models
FN:418,ModelRegistry::repos
FN:423,ModelRegistry::all_models
FN:430,ModelRegistry::contains
FN:435,ModelRegistry::remove_model
FN:444,ModelRegistry::from_json
FN:450,ModelRegistry::to_json
FN:479,<impl Default for ModelRegistry>::default
FN:485,comprehensive_registry
FN:498,add_pytorch_vision_models
FN:565,add_gguf_models
FN:676,pytorch_registry
FN:683,gguf_registry
FNF:44
FNDA:0,<impl Default for ModelType>::default
FNDA:0,<impl From for String>::from
FNDA:1945555039024054272,ModelInfo::new
FNDA:0,ModelInfo::new_gguf
FNDA:72057594037927936,ModelInfo::with_hash
FNDA:144115188075855872,ModelInfo::with_size
FNDA:72057594037927936,ModelInfo::with_config
FNDA:0,ModelInfo::with_model_type
FNDA:0,ModelInfo::with_quantization
FNDA:0,ModelInfo::with_architecture
FNDA:0,ModelInfo::with_context_length
FNDA:0,ModelInfo::with_vocab_size
FNDA:1441151880758558720,ModelInfo::with_parameters_millions
FNDA:0,ModelInfo::requires_auth
FNDA:1441151880758558720,ModelInfo::with_license
FNDA:1441151880758558720,ModelInfo::with_author
FNDA:0,ModelInfo::created_at
FNDA:0,ModelInfo::updated_at
FNDA:0,ModelInfo::is_gguf
FNDA:0,ModelInfo::is_quantized
FNDA:0,ModelInfo::estimated_memory_usage
FNDA:720575940379279360,ModelRegistry::new
FNDA:0,ModelRegistry::gguf_models
FNDA:0,ModelRegistry::quantized_models
FNDA:0,ModelRegistry::models_by_architecture
FNDA:0,ModelRegistry::models_by_quantization
FNDA:0,ModelRegistry::auth_required_models
FNDA:0,ModelRegistry::search_models
FNDA:0,ModelRegistry::statistics
FNDA:1801439850948198400,ModelRegistry::add_model
FNDA:1801439850948198400,ModelRegistry::get_model
FNDA:216172782113783808,ModelRegistry::get_repo_models
FNDA:144115188075855872,ModelRegistry::repos
FNDA:144115188075855872,ModelRegistry::all_models
FNDA:1513209474796486656,ModelRegistry::contains
FNDA:288230376151711744,ModelRegistry::remove_model
FNDA:216172782113783808,ModelRegistry::from_json
FNDA:144115188075855872,ModelRegistry::to_json
FNDA:0,<impl Default for ModelRegistry>::default
FNDA:0,comprehensive_registry
FNDA:288230376151711744,add_pytorch_vision_models
FNDA:0,add_gguf_models
FNDA:288230376151711744,pytorch_registry
FNDA:0,gguf_registry
DA:27,0
DA:28,0
DA:53,0
DA:54,0
DA:55,0
DA:56,0
DA:57,0
DA:58,0
DA:59,0
DA:60,0
DA:61,0
DA:111,1945555039024054272
DA:119,3891110078048108544
DA:135,0
DA:149,0
DA:150,0
DA:156,72057594037927936
DA:157,144115188075855872
DA:158,72057594037927936
DA:162,144115188075855872
DA:163,144115188075855872
DA:164,144115188075855872
DA:168,72057594037927936
DA:169,288230376151711744
DA:170,72057594037927936
DA:174,0
DA:175,0
DA:176,0
DA:180,0
DA:181,0
DA:182,0
DA:186,0
DA:187,0
DA:188,0
DA:192,0
DA:193,0
DA:194,0
DA:198,0
DA:199,0
DA:200,0
DA:204,1441151880758558720
DA:205,1441151880758558720
DA:206,1441151880758558720
DA:210,0
DA:211,0
DA:212,0
DA:216,1441151880758558720
DA:217,2882303761517117440
DA:218,1441151880758558720
DA:222,1441151880758558720
DA:223,2882303761517117440
DA:224,1441151880758558720
DA:228,0
DA:229,0
DA:230,0
DA:234,0
DA:235,0
DA:236,0
DA:240,0
DA:241,0
DA:245,0
DA:246,0
DA:255,0
DA:256,0
DA:258,0
DA:261,0
DA:264,0
DA:266,0
DA:279,720575940379279360
DA:281,720575940379279360
DA:286,0
DA:287,0
DA:288,0
DA:293,0
DA:294,0
DA:295,0
DA:300,0
DA:301,0
DA:302,0
DA:303,0
DA:304,0
DA:306,0
DA:313,0
DA:314,0
DA:315,0
DA:316,0
DA:317,0
DA:319,0
DA:326,0
DA:327,0
DA:328,0
DA:333,0
DA:334,0
DA:335,0
DA:336,0
DA:337,0
DA:338,0
DA:339,0
DA:340,0
DA:341,0
DA:343,0
DA:344,0
DA:346,0
DA:353,0
DA:354,0
DA:355,0
DA:356,0
DA:357,0
DA:358,0
DA:359,0
DA:360,0
DA:362,0
DA:363,0
DA:364,0
DA:365,0
DA:367,0
DA:368,0
DA:370,0
DA:371,0
DA:373,0
DA:374,0
DA:376,0
DA:377,0
DA:379,0
DA:380,0
DA:390,0
DA:391,0
DA:392,0
DA:393,0
DA:398,1801439850948198400
DA:399,3602879701896396800
DA:400,5404319552844595200
DA:402,7205759403792793600
DA:406,1801439850948198400
DA:407,1801439850948198400
DA:408,3602879701896396800
DA:409,5908722711110090752
DA:413,216172782113783808
DA:414,648518346341351424
DA:418,144115188075855872
DA:419,288230376151711744
DA:423,144115188075855872
DA:424,144115188075855872
DA:426,144115188075855872
DA:430,1513209474796486656
DA:431,6052837899185946624
DA:435,288230376151711744
DA:436,864691128455135232
DA:439,0
DA:444,216172782113783808
DA:445,648518346341351424
DA:450,144115188075855872
DA:451,432345564227567616
DA:479,0
DA:480,0
DA:485,0
DA:486,0
DA:489,0
DA:492,0
DA:494,0
DA:498,288230376151711744
DA:499,576460752303423488
DA:502,576460752303423488
DA:503,288230376151711744
DA:504,576460752303423488
DA:505,576460752303423488
DA:506,576460752303423488
DA:507,576460752303423488
DA:509,288230376151711744
DA:510,864691128455135232
DA:511,864691128455135232
DA:514,576460752303423488
DA:515,288230376151711744
DA:516,576460752303423488
DA:517,576460752303423488
DA:518,576460752303423488
DA:519,576460752303423488
DA:521,288230376151711744
DA:522,864691128455135232
DA:523,864691128455135232
DA:526,576460752303423488
DA:527,288230376151711744
DA:528,576460752303423488
DA:529,576460752303423488
DA:530,576460752303423488
DA:531,576460752303423488
DA:533,288230376151711744
DA:534,864691128455135232
DA:535,864691128455135232
DA:539,576460752303423488
DA:540,288230376151711744
DA:541,576460752303423488
DA:542,576460752303423488
DA:543,576460752303423488
DA:544,576460752303423488
DA:546,288230376151711744
DA:547,864691128455135232
DA:548,864691128455135232
DA:551,576460752303423488
DA:552,288230376151711744
DA:553,576460752303423488
DA:554,576460752303423488
DA:555,576460752303423488
DA:556,576460752303423488
DA:558,288230376151711744
DA:559,864691128455135232
DA:560,864691128455135232
DA:565,0
DA:567,0
DA:570,0
DA:571,0
DA:572,0
DA:573,0
DA:574,0
DA:575,0
DA:576,0
DA:577,0
DA:579,0
DA:580,0
DA:581,0
DA:582,0
DA:583,0
DA:584,0
DA:587,0
DA:588,0
DA:589,0
DA:590,0
DA:591,0
DA:592,0
DA:593,0
DA:594,0
DA:596,0
DA:597,0
DA:598,0
DA:599,0
DA:600,0
DA:601,0
DA:604,0
DA:605,0
DA:606,0
DA:607,0
DA:608,0
DA:609,0
DA:610,0
DA:611,0
DA:613,0
DA:614,0
DA:615,0
DA:616,0
DA:617,0
DA:618,0
DA:622,0
DA:623,0
DA:624,0
DA:625,0
DA:626,0
DA:627,0
DA:628,0
DA:629,0
DA:631,0
DA:632,0
DA:633,0
DA:634,0
DA:635,0
DA:636,0
DA:639,0
DA:640,0
DA:641,0
DA:642,0
DA:643,0
DA:644,0
DA:645,0
DA:646,0
DA:648,0
DA:649,0
DA:650,0
DA:651,0
DA:652,0
DA:653,0
DA:657,0
DA:658,0
DA:659,0
DA:660,0
DA:661,0
DA:662,0
DA:663,0
DA:664,0
DA:666,0
DA:667,0
DA:668,0
DA:669,0
DA:670,0
DA:671,0
DA:676,288230376151711744
DA:677,576460752303423488
DA:678,576460752303423488
DA:679,288230376151711744
DA:683,0
DA:684,0
DA:685,0
DA:686,0
LF:301
LH:96
end_of_record
TN:
SF:D:\coeus\hub\src\state_dict.rs
FN:16,StateDict::new
FN:23,StateDict::from_parameters
FN:28,StateDict::get
FN:33,StateDict::get_mut
FN:38,StateDict::insert
FN:43,StateDict::remove
FN:48,StateDict::contains_key
FN:53,StateDict::len
FN:58,StateDict::is_empty
FN:63,StateDict::keys
FN:68,StateDict::values
FN:73,StateDict::iter
FN:78,StateDict::iter_mut
FN:83,StateDict::clear
FN:88,StateDict::extend
FN:93,StateDict::subset
FN:107,StateDict::transform
FN:118,<impl Default for StateDict>::default
FN:124,<impl Display for StateDict>::fmt
FN:137,<impl IntoIterator for StateDict>::into_iter
FN:146,<impl IntoIterator for &'aStateDict>::into_iter
FN:155,<impl IntoIterator for &'amutStateDict>::into_iter
FNF:22
FNDA:504403158265495552,StateDict::new
FNDA:0,StateDict::from_parameters
FNDA:360287970189639680,StateDict::get
FNDA:72057594037927936,StateDict::get_mut
FNDA:648518346341351424,StateDict::insert
FNDA:72057594037927936,StateDict::remove
FNDA:432345564227567616,StateDict::contains_key
FNDA:432345564227567616,StateDict::len
FNDA:288230376151711744,StateDict::is_empty
FNDA:72057594037927936,StateDict::keys
FNDA:72057594037927936,StateDict::values
FNDA:0,StateDict::iter
FNDA:0,StateDict::iter_mut
FNDA:0,StateDict::clear
FNDA:0,StateDict::extend
FNDA:72057594037927936,StateDict::subset
FNDA:0,StateDict::transform
FNDA:0,<impl Default for StateDict>::default
FNDA:0,<impl Display for StateDict>::fmt
FNDA:0,<impl IntoIterator for StateDict>::into_iter
FNDA:0,<impl IntoIterator for &'aStateDict>::into_iter
FNDA:0,<impl IntoIterator for &'amutStateDict>::into_iter
DA:16,504403158265495552
DA:18,504403158265495552
DA:23,0
DA:28,360287970189639680
DA:29,1080863910568919040
DA:33,72057594037927936
DA:34,216172782113783808
DA:38,648518346341351424
DA:39,2594073385365405696
DA:43,72057594037927936
DA:44,216172782113783808
DA:48,432345564227567616
DA:49,1297036692682702848
DA:53,432345564227567616
DA:54,864691128455135232
DA:58,288230376151711744
DA:59,576460752303423488
DA:63,72057594037927936
DA:64,144115188075855872
DA:68,72057594037927936
DA:69,144115188075855872
DA:73,0
DA:74,0
DA:78,0
DA:79,0
DA:83,0
DA:84,0
DA:88,0
DA:89,0
DA:93,72057594037927936
DA:94,144115188075855872
DA:96,216172782113783808
DA:97,144115188075855872
DA:98,288230376151711744
DA:99,720575940379279360
DA:107,0
DA:111,0
DA:112,0
DA:118,0
DA:119,0
DA:124,0
DA:125,0
DA:126,0
DA:127,0
DA:129,0
DA:137,0
DA:138,0
DA:146,0
DA:147,0
DA:155,0
DA:156,0
LF:51
LH:26
end_of_record
TN:
SF:D:\coeus\models\src\config.rs
FN:37,<impl Default for ModelLoadConfig>::default
FN:53,ModelLoadConfig::new
FN:58,ModelLoadConfig::with_memory_map
FN:64,ModelLoadConfig::with_integrity_verification
FN:70,ModelLoadConfig::with_cache
FN:76,ModelLoadConfig::with_max_cache_size
FN:82,ModelLoadConfig::with_cache_dir
FN:88,ModelLoadConfig::with_gpu
FN:94,ModelLoadConfig::with_preferred_quantization
FN:100,ModelLoadConfig::with_debug
FN:126,<impl Default for PerformanceConfig>::default
FN:141,PerformanceConfig::new
FN:146,PerformanceConfig::with_num_threads
FN:152,PerformanceConfig::with_simd
FN:158,PerformanceConfig::with_parallel
FN:164,PerformanceConfig::with_memory_pool_size
FN:170,PerformanceConfig::with_fast_approx
FN:176,PerformanceConfig::with_profiling
FN:182,PerformanceConfig::with_gpu_memory_fraction
FN:211,ModelConfig::new
FN:225,ModelConfig::with_loading_config
FN:231,ModelConfig::with_performance_config
FN:237,ModelConfig::with_inference_config
FN:243,ModelConfig::with_vocab_size
FN:249,ModelConfig::with_hidden_size
FN:255,ModelConfig::with_num_heads
FN:261,ModelConfig::with_num_layers
FN:267,ModelConfig::with_max_seq_len
FN:273,ModelConfig::high_performance
FN:295,ModelConfig::memory_efficient
FN:321,ModelConfig::gpu_optimized
FNF:31
FNDA:576460752303423488,<impl Default for ModelLoadConfig>::default
FNDA:72057594037927936,ModelLoadConfig::new
FNDA:72057594037927936,ModelLoadConfig::with_memory_map
FNDA:72057594037927936,ModelLoadConfig::with_integrity_verification
FNDA:72057594037927936,ModelLoadConfig::with_cache
FNDA:72057594037927936,ModelLoadConfig::with_max_cache_size
FNDA:0,ModelLoadConfig::with_cache_dir
FNDA:72057594037927936,ModelLoadConfig::with_gpu
FNDA:72057594037927936,ModelLoadConfig::with_preferred_quantization
FNDA:72057594037927936,ModelLoadConfig::with_debug
FNDA:360287970189639680,<impl Default for PerformanceConfig>::default
FNDA:216172782113783808,PerformanceConfig::new
FNDA:72057594037927936,PerformanceConfig::with_num_threads
FNDA:72057594037927936,PerformanceConfig::with_simd
FNDA:72057594037927936,PerformanceConfig::with_parallel
FNDA:72057594037927936,PerformanceConfig::with_memory_pool_size
FNDA:72057594037927936,PerformanceConfig::with_fast_approx
FNDA:72057594037927936,PerformanceConfig::with_profiling
FNDA:216172782113783808,PerformanceConfig::with_gpu_memory_fraction
FNDA:144115188075855872,ModelConfig::new
FNDA:0,ModelConfig::with_loading_config
FNDA:0,ModelConfig::with_performance_config
FNDA:0,ModelConfig::with_inference_config
FNDA:72057594037927936,ModelConfig::with_vocab_size
FNDA:72057594037927936,ModelConfig::with_hidden_size
FNDA:72057594037927936,ModelConfig::with_num_heads
FNDA:72057594037927936,ModelConfig::with_num_layers
FNDA:72057594037927936,ModelConfig::with_max_seq_len
FNDA:72057594037927936,ModelConfig::high_performance
FNDA:72057594037927936,ModelConfig::memory_efficient
FNDA:72057594037927936,ModelConfig::gpu_optimized
DA:37,576460752303423488
DA:42,1152921504606846976
DA:45,576460752303423488
DA:53,72057594037927936
DA:54,72057594037927936
DA:58,72057594037927936
DA:59,72057594037927936
DA:60,72057594037927936
DA:64,72057594037927936
DA:65,72057594037927936
DA:66,72057594037927936
DA:70,72057594037927936
DA:71,72057594037927936
DA:72,72057594037927936
DA:76,72057594037927936
DA:77,72057594037927936
DA:78,72057594037927936
DA:82,0
DA:83,0
DA:84,0
DA:88,72057594037927936
DA:89,72057594037927936
DA:90,72057594037927936
DA:94,72057594037927936
DA:95,72057594037927936
DA:96,72057594037927936
DA:100,72057594037927936
DA:101,72057594037927936
DA:102,72057594037927936
DA:126,360287970189639680
DA:128,360287970189639680
DA:131,360287970189639680
DA:141,216172782113783808
DA:142,216172782113783808
DA:146,72057594037927936
DA:147,72057594037927936
DA:148,72057594037927936
DA:152,72057594037927936
DA:153,72057594037927936
[...]
FNDA:504403158265495552,DataLoaderBuilder<D,T>::new
FNDA:504403158265495552,DataLoaderBuilder<D,T>::batch_size
FNDA:72057594037927936,DataLoaderBuilder<D,T>::shuffle
FNDA:144115188075855872,DataLoaderBuilder<D,T>::num_workers
FNDA:0,DataLoaderBuilder<D,T>::drop_last
FNDA:0,DataLoaderBuilder<D,T>::sampler
FNDA:504403158265495552,DataLoaderBuilder<D,T>::build
DA:34,936748722493063168
DA:43,288230376151711744
DA:44,576460752303423488
DA:72,0
DA:74,0
DA:85,504403158265495552
DA:86,1008806316530991104
DA:90,0
DA:91,0
DA:95,0
DA:96,0
DA:100,0
DA:101,0
DA:105,504403158265495552
DA:106,1513209474796486656
DA:107,2017612633061982208
DA:110,1513209474796486656
DA:113,504403158265495552
DA:119,504403158265495552
DA:120,504403158265495552
DA:121,0
DA:122,504403158265495552
DA:123,0
DA:124,0
DA:125,0
DA:126,0
DA:128,504403158265495552
DA:133,504403158265495552
DA:134,1008806316530991104
DA:135,1008806316530991104
DA:137,5692549928996306944
DA:138,0
DA:140,1008806316530991104
DA:141,4035225266123964416
DA:142,1008806316530991104
DA:147,648518346341351424
DA:148,72057594037927936
DA:151,504403158265495552
DA:155,0
DA:156,0
DA:157,0
DA:159,0
DA:160,0
DA:162,0
DA:167,0
DA:168,0
DA:180,504403158265495552
DA:181,1008806316530991104
DA:193,0
DA:194,0
DA:218,1441151880758558720
DA:219,2882303761517117440
DA:220,360287970189639680
DA:223,0
DA:224,0
DA:226,0
DA:228,1945555039024054272
DA:229,648518346341351424
DA:233,432345564227567616
DA:234,288230376151711744
DA:246,432345564227567616
DA:247,864691128455135232
DA:248,864691128455135232
DA:250,2449958197289549824
DA:251,0
DA:252,0
DA:253,0
DA:257,864691128455135232
DA:258,0
DA:262,288230376151711744
DA:264,0
DA:265,0
DA:266,0
DA:267,0
DA:268,0
DA:271,432345564227567616
DA:272,288230376151711744
DA:273,144115188075855872
DA:278,288230376151711744
DA:280,0
DA:281,0
DA:282,0
DA:283,0
DA:284,0
DA:287,288230376151711744
DA:288,288230376151711744
DA:289,0
DA:293,0
DA:297,648518346341351424
DA:298,2594073385365405696
DA:301,1297036692682702848
DA:302,2594073385365405696
DA:303,1945555039024054272
DA:305,1945555039024054272
DA:306,0
DA:307,0
DA:308,0
DA:311,6341068275337658368
DA:312,0
DA:315,1297036692682702848
DA:316,4467570830351532032
DA:317,4755801206503243776
DA:318,4755801206503243776
DA:319,0
DA:324,0
DA:327,1297036692682702848
DA:330,1297036692682702848
DA:331,1297036692682702848
DA:334,1297036692682702848
DA:335,1945555039024054272
DA:337,0
DA:338,1585267068834414592
DA:339,1585267068834414592
DA:340,0
DA:341,0
DA:342,0
DA:345,0
DA:346,648518346341351424
DA:349,0
DA:351,0
DA:352,0
DA:354,0
DA:360,3242591731706757120
DA:361,0
DA:364,648518346341351424
DA:365,0
DA:368,1297036692682702848
DA:370,0
DA:371,0
DA:372,0
DA:373,0
DA:374,0
DA:375,0
DA:376,0
DA:381,648518346341351424
DA:382,0
DA:383,0
DA:385,648518346341351424
DA:386,0
DA:387,0
DA:388,0
DA:394,648518346341351424
DA:396,0
DA:397,0
DA:398,0
DA:399,0
DA:400,0
DA:401,0
DA:402,0
DA:407,648518346341351424
DA:408,0
DA:409,0
DA:411,648518346341351424
DA:412,0
DA:413,0
DA:414,0
DA:419,0
DA:429,0
DA:430,0
DA:457,504403158265495552
DA:470,504403158265495552
DA:471,1008806316530991104
DA:472,504403158265495552
DA:473,504403158265495552
DA:477,72057594037927936
DA:478,72057594037927936
DA:479,72057594037927936
DA:483,144115188075855872
DA:484,144115188075855872
DA:485,144115188075855872
DA:489,0
DA:490,0
DA:491,0
DA:495,0
DA:496,0
DA:497,0
DA:501,504403158265495552
DA:503,1513209474796486656
DA:504,1008806316530991104
DA:505,1008806316530991104
DA:506,1008806316530991104
DA:507,1008806316530991104
DA:508,504403158265495552
LF:183
LH:90
end_of_record
TN:
SF:D:\coeus\utils\src\data\dataset.rs
FN:17,Dataset::is_empty
FN:22,Dataset::iter
FN:42,<impl Iterator for DatasetIter<'a,T>>::next
FN:54,<impl ExactSizeIterator for DatasetIter<'a,T>>::len
FN:76,TensorDataset<T>::new
FN:86,TensorDataset<T>::from_arrays
FN:92,<impl Dataset for TensorDataset<T>>::len
FN:96,<impl Dataset for TensorDataset<T>>::get
FN:120,Subset<D,T>::new
FN:134,<impl Dataset for Subset<D,T>>::len
FN:138,<impl Dataset for Subset<D,T>>::get
FN:154,ConcatDataset<T>::new
FN:170,ConcatDataset<T>::find_dataset_index
FN:196,<impl Dataset for ConcatDataset<T>>::len
FN:200,<impl Dataset for ConcatDataset<T>>::get
FNF:15
FNDA:0,Dataset::is_empty
FNDA:0,Dataset::iter
FNDA:0,<impl Iterator for DatasetIter<'a,T>>::next
FNDA:0,<impl ExactSizeIterator for DatasetIter<'a,T>>::len
FNDA:0,TensorDataset<T>::new
FNDA:0,TensorDataset<T>::from_arrays
FNDA:0,<impl Dataset for TensorDataset<T>>::len
FNDA:0,<impl Dataset for TensorDataset<T>>::get
FNDA:0,Subset<D,T>::new
FNDA:0,<impl Dataset for Subset<D,T>>::len
FNDA:0,<impl Dataset for Subset<D,T>>::get
FNDA:0,ConcatDataset<T>::new
FNDA:0,ConcatDataset<T>::find_dataset_index
FNDA:0,<impl Dataset for ConcatDataset<T>>::len
FNDA:0,<impl Dataset for ConcatDataset<T>>::get
DA:17,0
DA:18,0
DA:22,0
DA:42,0
DA:43,0
DA:44,0
DA:45,0
DA:46,0
DA:48,0
DA:54,0
DA:55,0
DA:76,0
DA:77,0
DA:78,0
DA:79,0
DA:80,0
DA:86,0
DA:87,0
DA:92,0
DA:93,0
DA:96,0
DA:97,0
DA:120,0
DA:134,0
DA:135,0
DA:138,0
DA:139,0
DA:140,0
DA:154,0
DA:155,0
DA:156,0
DA:158,0
DA:159,0
DA:160,0
DA:170,0
DA:172,0
DA:173,0
DA:175,0
DA:176,0
DA:177,0
DA:178,0
DA:180,0
DA:184,0
DA:185,0
DA:186,0
DA:188,0
DA:191,0
DA:196,0
DA:197,0
DA:200,0
DA:201,0
DA:202,0
LF:52
LH:0
end_of_record
TN:
SF:D:\coeus\utils\src\transforms\core.rs
FN:28,Normalize<T>::new
FN:38,Normalize<T>::from_single
FN:44,<impl Transform for Normalize<T>>::transform
FN:97,RandomCrop::new
FN:105,RandomCrop::with_padding
FN:114,<impl Transform for RandomCrop>::transform
FN:253,RandomHorizontalFlip::new
FN:262,RandomHorizontalFlip::default_p
FN:267,RandomHorizontalFlip::flip_horizontal
FN:319,<impl Transform for RandomHorizontalFlip>::transform
FN:343,Compose<T>::new
FN:349,<impl Transform for Compose<T>>::transform
FN:369,ToTensor::new
FN:375,<impl Default for ToTensor>::default
FN:381,<impl Transform for ToTensor>::transform
FN:404,Lambda<F,T>::new
FN:416,<impl Transform for Lambda<F,T>>::transform
FN:430,Identity::new
FN:436,<impl Default for Identity>::default
FN:442,<impl Transform for Identity>::transform
FNF:20
FNDA:216172782113783808,Normalize<T>::new
FNDA:0,Normalize<T>::from_single
FNDA:216172782113783808,<impl Transform for Normalize<T>>::transform
FNDA:216172782113783808,RandomCrop::new
FNDA:0,RandomCrop::with_padding
FNDA:216172782113783808,<impl Transform for RandomCrop>::transform
FNDA:216172782113783808,RandomHorizontalFlip::new
FNDA:0,RandomHorizontalFlip::default_p
FNDA:144115188075855872,RandomHorizontalFlip::flip_horizontal
FNDA:216172782113783808,<impl Transform for RandomHorizontalFlip>::transform
FNDA:72057594037927936,Compose<T>::new
FNDA:72057594037927936,<impl Transform for Compose<T>>::transform
FNDA:216172782113783808,ToTensor::new
FNDA:0,<impl Default for ToTensor>::default
FNDA:216172782113783808,<impl Transform for ToTensor>::transform
FNDA:72057594037927936,Lambda<F,T>::new
FNDA:72057594037927936,<impl Transform for Lambda<F,T>>::transform
FNDA:432345564227567616,Identity::new
FNDA:0,<impl Default for Identity>::default
FNDA:360287970189639680,<impl Transform for Identity>::transform
DA:28,216172782113783808
DA:29,216172782113783808
DA:30,432345564227567616
DA:31,432345564227567616
DA:32,0
DA:38,0
DA:39,0
DA:44,216172782113783808
DA:46,576460752303423488
DA:47,72057594037927936
DA:51,0
DA:54,0
DA:56,0
DA:57,0
DA:59,0
DA:60,0
DA:61,0
DA:64,0
DA:65,0
DA:66,0
DA:67,0
DA:73,864691128455135232
DA:74,0
DA:75,0
DA:76,0
DA:80,0
DA:97,216172782113783808
DA:105,0
DA:108,0
DA:114,216172782113783808
DA:115,648518346341351424
DA:116,216172782113783808
DA:117,0
DA:118,0
DA:122,0
DA:123,0
DA:126,0
DA:127,0
DA:128,0
DA:132,0
DA:133,0
DA:135,144115188075855872
DA:136,72057594037927936
DA:137,72057594037927936
DA:138,72057594037927936
DA:144,0
DA:146,0
DA:147,0
DA:149,0
DA:150,432345564227567616
DA:152,0
DA:154,0
DA:155,432345564227567616
DA:157,0
DA:162,0
DA:164,216172782113783808
DA:166,288230376151711744
DA:167,288230376151711744
DA:168,0
DA:169,0
DA:173,288230376151711744
DA:174,144115188075855872
DA:178,72057594037927936
DA:179,0
DA:180,0
DA:181,0
DA:186,0
DA:187,0
DA:188,0
DA:191,72057594037927936
DA:192,0
DA:193,0
DA:194,0
DA:199,0
DA:200,0
DA:203,0
DA:204,0
DA:205,0
DA:206,216172782113783808
DA:208,0
DA:210,0
DA:211,216172782113783808
DA:213,0
DA:217,0
DA:218,0
DA:219,0
DA:221,0
DA:224,144115188075855872
DA:226,0
DA:229,288230376151711744
DA:230,576460752303423488
DA:231,0
DA:232,0
DA:237,0
DA:253,216172782113783808
DA:254,216172782113783808
DA:255,432345564227567616
DA:256,0
DA:262,0
DA:263,0
DA:267,144115188075855872
DA:268,432345564227567616
DA:269,432345564227567616
DA:271,144115188075855872
DA:272,0
DA:273,0
DA:277,0
DA:278,0
DA:280,0
DA:282,360287970189639680
DA:284,216172782113783808
DA:285,288230376151711744
DA:286,0
DA:287,0
DA:288,0
DA:292,216172782113783808
DA:295,72057594037927936
DA:296,0
DA:297,0
DA:299,0
DA:301,144115188075855872
DA:302,0
DA:304,432345564227567616
DA:305,1729382256910270464
DA:306,0
DA:307,0
DA:308,0
DA:313,0
DA:319,216172782113783808
DA:321,432345564227567616
DA:322,864691128455135232
DA:324,216172782113783808
DA:326,288230376151711744
DA:328,72057594037927936
DA:343,72057594037927936
DA:349,72057594037927936
DA:350,216172782113783808
DA:352,360287970189639680
DA:353,576460752303423488
DA:356,72057594037927936
DA:369,216172782113783808
DA:370,216172782113783808
DA:375,0
DA:376,0
DA:381,216172782113783808
DA:385,216172782113783808
DA:404,72057594037927936
DA:416,72057594037927936
DA:417,72057594037927936
DA:430,432345564227567616
DA:431,432345564227567616
DA:436,0
DA:437,0
DA:442,360287970189639680
DA:443,360287970189639680
LF:155
LH:68
end_of_record
TN:
SF:D:\coeus\utils\src\transforms\general.rs
FN:22,RandomApply<T>::new
FN:32,<impl Transform for RandomApply<T>>::transform
FN:60,RandomChoice<T>::new
FN:66,<impl Transform for RandomChoice<T>>::transform
FN:89,RandomOrder<T>::new
FN:95,<impl Transform for RandomOrder<T>>::transform
FNF:6
FNDA:72057594037927936,RandomApply<T>::new
FNDA:72057594037927936,<impl Transform for RandomApply<T>>::transform
FNDA:72057594037927936,RandomChoice<T>::new
FNDA:72057594037927936,<impl Transform for RandomChoice<T>>::transform
FNDA:72057594037927936,RandomOrder<T>::new
FNDA:72057594037927936,<impl Transform for RandomOrder<T>>::transform
DA:22,72057594037927936
DA:23,72057594037927936
DA:24,144115188075855872
DA:25,0
DA:32,72057594037927936
DA:34,144115188075855872
DA:35,288230376151711744
DA:37,72057594037927936
DA:39,0
DA:40,0
DA:41,0
DA:43,0
DA:45,72057594037927936
DA:60,72057594037927936
DA:66,72057594037927936
DA:67,144115188075855872
DA:68,0
DA:72,0
DA:73,0
DA:75,0
DA:89,72057594037927936
DA:95,72057594037927936
DA:96,144115188075855872
DA:97,0
DA:101,0
DA:102,0
DA:103,0
DA:106,0
DA:107,216172782113783808
DA:108,288230376151711744
DA:111,72057594037927936
LF:31
LH:17
end_of_record
TN:
SF:D:\coeus\utils\src\transforms\vision.rs
FN:20,RandomVerticalFlip::new
FN:29,RandomVerticalFlip::default_p
FN:34,RandomVerticalFlip::flip_vertical
FN:86,<impl Transform for RandomVerticalFlip>::transform
FN:117,ColorJitter<T>::new
FN:132,ColorJitter<T>::brightness
FN:138,ColorJitter<T>::contrast
FN:144,ColorJitter<T>::saturation
FN:150,ColorJitter<T>::hue
FN:157,<impl Transform for ColorJitter<T>>::transform
FN:186,RandomRotation<T>::new
FN:197,RandomRotation<T>::interpolation
FN:203,RandomRotation<T>::expand
FN:209,RandomRotation<T>::center
FN:215,RandomRotation<T>::fill
FN:222,<impl Transform for RandomRotation<T>>::transform
FN:254,RandomAffine<T>::new
FN:267,RandomAffine<T>::degrees
FN:273,RandomAffine<T>::translate
FN:279,RandomAffine<T>::scale
FN:285,RandomAffine<T>::shear
FN:292,<impl Default for RandomAffine<T>>::default
FN:298,<impl Transform for RandomAffine<T>>::transform
FN:321,RandomPerspective<T>::new
FN:331,RandomPerspective<T>::interpolation
FN:337,RandomPerspective<T>::fill
FN:344,<impl Transform for RandomPerspective<T>>::transform
FN:376,RandomErasing<T>::new
FN:387,RandomErasing<T>::with_defaults
FN:397,RandomErasing<T>::inplace
FN:404,<impl Transform for RandomErasing<T>>::transform
FNF:31
FNDA:144115188075855872,RandomVerticalFlip::new
FNDA:0,RandomVerticalFlip::default_p
FNDA:72057594037927936,RandomVerticalFlip::flip_vertical
FNDA:144115188075855872,<impl Transform for RandomVerticalFlip>::transform
FNDA:72057594037927936,ColorJitter<T>::new
FNDA:72057594037927936,ColorJitter<T>::brightness
FNDA:0,ColorJitter<T>::contrast
FNDA:0,ColorJitter<T>::saturation
FNDA:0,ColorJitter<T>::hue
FNDA:0,<impl Transform for ColorJitter<T>>::transform
FNDA:72057594037927936,RandomRotation<T>::new
FNDA:0,RandomRotation<T>::interpolation
FNDA:0,RandomRotation<T>::expand
FNDA:0,RandomRotation<T>::center
FNDA:0,RandomRotation<T>::fill
FNDA:0,<impl Transform for RandomRotation<T>>::transform
FNDA:72057594037927936,RandomAffine<T>::new
FNDA:72057594037927936,RandomAffine<T>::degrees
FNDA:0,RandomAffine<T>::translate
FNDA:0,RandomAffine<T>::scale
FNDA:0,RandomAffine<T>::shear
FNDA:0,<impl Default for RandomAffine<T>>::default
FNDA:0,<impl Transform for RandomAffine<T>>::transform
FNDA:72057594037927936,RandomPerspective<T>::new
FNDA:0,RandomPerspective<T>::interpolation
FNDA:0,RandomPerspective<T>::fill
FNDA:0,<impl Transform for RandomPerspective<T>>::transform
FNDA:72057594037927936,RandomErasing<T>::new
FNDA:72057594037927936,RandomErasing<T>::with_defaults
FNDA:0,RandomErasing<T>::inplace
FNDA:0,<impl Transform for RandomErasing<T>>::transform
DA:20,144115188075855872
DA:21,144115188075855872
DA:22,288230376151711744
DA:23,0
DA:29,0
DA:30,0
DA:34,72057594037927936
DA:35,216172782113783808
DA:36,216172782113783808
DA:38,72057594037927936
DA:39,0
DA:40,0
DA:44,0
DA:45,0
DA:47,0
DA:49,360287970189639680
DA:51,216172782113783808
DA:52,288230376151711744
DA:53,0
DA:54,0
DA:55,0
DA:59,216172782113783808
DA:62,0
DA:63,0
DA:64,0
DA:66,0
DA:68,0
DA:69,0
DA:71,0
DA:72,0
DA:73,0
DA:74,0
DA:75,0
DA:80,0
DA:86,144115188075855872
DA:88,288230376151711744
DA:89,576460752303423488
DA:91,144115188075855872
DA:93,144115188075855872
DA:95,72057594037927936
DA:117,72057594037927936
DA:132,72057594037927936
DA:133,216172782113783808
DA:134,360287970189639680
DA:138,0
DA:139,0
DA:140,0
DA:144,0
DA:145,0
DA:146,0
DA:150,0
DA:151,0
DA:152,0
DA:157,0
DA:161,0
DA:186,72057594037927936
DA:197,0
DA:198,0
DA:199,0
DA:203,0
DA:204,0
DA:205,0
DA:209,0
DA:210,0
DA:211,0
DA:215,0
DA:216,0
DA:217,0
DA:222,0
DA:224,0
DA:225,0
DA:226,0
DA:227,0
DA:231,0
DA:254,72057594037927936
DA:267,72057594037927936
DA:268,72057594037927936
DA:269,72057594037927936
DA:273,0
DA:274,0
DA:275,0
DA:279,0
DA:280,0
DA:281,0
DA:285,0
DA:286,0
DA:287,0
DA:292,0
DA:293,0
DA:298,0
DA:301,0
DA:321,72057594037927936
DA:331,0
DA:332,0
DA:333,0
DA:337,0
DA:338,0
DA:339,0
DA:344,0
DA:346,0
DA:347,0
DA:349,0
DA:352,0
DA:354,0
DA:376,72057594037927936
DA:387,72057594037927936
DA:390,216172782113783808
DA:391,216172782113783808
DA:392,72057594037927936
DA:397,0
DA:398,0
DA:399,0
DA:404,0
DA:406,0
DA:407,0
DA:409,0
DA:412,0
DA:414,0
LF:118
LH:32
end_of_record
TN:
SF:D:\coeus\utils\src\utils.rs
FN:25,math::softmax
FN:47,math::log_softmax
FN:72,math::sigmoid
FN:82,math::tanh
FN:92,math::relu
FN:100,math::leaky_relu
FN:117,stats::mean
FN:147,stats::std
FN:158,stats::var
FN:171,stats::normalize
FN:190,random::rand
FN:201,random::randn
FN:214,random::randint
FN:224,random::shuffle_indices
FN:237,loss::mse_loss
FN:259,loss::binary_cross_entropy
FN:299,loss::cross_entropy
FN:365,advanced_loss::kl_div_loss
FN:414,tensor_ops::stack
FN:456,metrics::accuracy
FN:493,metrics::top_k_accuracy
FN:544,metrics::confusion_matrix
FN:573,metrics::classification_report
FN:631,metrics::mean_squared_error
FN:647,metrics::auc_roc
FNF:25
FNDA:0,math::softmax
FNDA:0,math::log_softmax
FNDA:0,math::sigmoid
FNDA:0,math::tanh
FNDA:0,math::relu
FNDA:0,math::leaky_relu
FNDA:0,stats::mean
FNDA:0,stats::std
FNDA:0,stats::var
FNDA:0,stats::normalize
FNDA:0,random::rand
FNDA:0,random::randn
FNDA:0,random::randint
FNDA:0,random::shuffle_indices
FNDA:0,loss::mse_loss
FNDA:0,loss::binary_cross_entropy
FNDA:0,loss::cross_entropy
FNDA:0,advanced_loss::kl_div_loss
FNDA:2377900603251621888,tensor_ops::stack
FNDA:0,metrics::accuracy
FNDA:360287970189639680,metrics::top_k_accuracy
FNDA:288230376151711744,metrics::confusion_matrix
FNDA:72057594037927936,metrics::classification_report
FNDA:72057594037927936,metrics::mean_squared_error
FNDA:144115188075855872,metrics::auc_roc
DA:25,0
DA:27,0
DA:30,0
DA:31,0
DA:34,0
DA:35,0
DA:37,0
DA:40,0
DA:47,0
DA:52,0
DA:55,0
DA:56,0
DA:59,0
DA:60,0
DA:62,0
DA:65,0
DA:68,0
DA:72,0
DA:74,0
DA:75,0
DA:76,0
DA:77,0
DA:78,0
DA:82,0
DA:84,0
DA:85,0
DA:86,0
DA:87,0
DA:88,0
DA:92,0
DA:94,0
DA:96,0
DA:100,0
DA:105,0
DA:106,0
DA:108,0
DA:117,0
DA:123,0
DA:124,0
DA:125,0
DA:126,0
DA:127,0
DA:128,0
DA:132,0
DA:133,0
DA:134,0
DA:135,0
DA:139,0
DA:140,0
DA:141,0
DA:142,0
DA:147,0
DA:153,0
DA:154,0
DA:158,0
DA:164,0
DA:165,0
DA:166,0
DA:167,0
DA:171,0
DA:173,0
DA:174,0
DA:176,0
DA:177,0
DA:179,0
DA:180,0
DA:190,0
DA:192,0
DA:193,0
DA:194,0
DA:195,0
DA:197,0
DA:201,0
DA:203,0
DA:205,0
DA:206,0
DA:207,0
DA:208,0
DA:210,0
DA:214,0
DA:216,0
DA:217,0
DA:218,0
DA:219,0
DA:220,0
DA:224,0
DA:225,0
DA:226,0
DA:227,0
DA:228,0
DA:237,0
DA:243,0
DA:244,0
DA:246,0
DA:247,0
DA:248,0
DA:249,0
DA:250,0
DA:251,0
DA:252,0
DA:253,0
DA:259,0
DA:265,0
DA:268,0
DA:271,0
DA:272,0
DA:273,0
DA:276,0
DA:279,0
DA:280,0
DA:283,0
DA:284,0
DA:286,0
DA:287,0
DA:288,0
DA:289,0
DA:290,0
DA:291,0
DA:292,0
DA:293,0
DA:299,0
DA:306,0
DA:310,0
DA:311,0
DA:313,0
DA:315,0
DA:316,0
DA:317,0
DA:318,0
DA:319,0
DA:320,0
DA:321,0
DA:327,0
DA:328,0
DA:331,0
DA:334,0
DA:336,0
DA:337,0
DA:338,0
DA:339,0
DA:340,0
DA:341,0
DA:342,0
DA:343,0
DA:365,0
DA:371,0
DA:372,0
DA:373,0
DA:374,0
DA:376,0
DA:377,0
DA:378,0
DA:379,0
DA:380,0
DA:381,0
DA:382,0
DA:383,0
DA:414,2377900603251621888
DA:418,4755801206503243776
DA:419,72057594037927936
DA:420,72057594037927936
DA:425,0
DA:426,3026418949592973312
DA:427,3026418949592973312
DA:428,216172782113783808
DA:429,216172782113783808
DA:430,216172782113783808
DA:436,2089670227099910144
DA:437,11889503016258109440
DA:439,14699749183737298944
DA:440,14699749183737298944
DA:441,6052837899185946624
DA:442,0
DA:447,2089670227099910144
DA:456,0
DA:462,0
DA:463,0
DA:465,0
DA:467,0
DA:469,0
DA:470,0
DA:472,0
DA:473,0
DA:474,0
DA:476,0
DA:477,0
DA:478,0
DA:483,0
DA:484,0
DA:485,0
DA:489,0
DA:493,360287970189639680
DA:498,1080863910568919040
DA:499,1441151880758558720
DA:501,360287970189639680
DA:502,72057594037927936
DA:503,72057594037927936
DA:504,72057594037927936
DA:505,72057594037927936
DA:510,0
DA:512,360287970189639680
DA:514,0
DA:518,0
DA:519,720575940379279360
DA:520,1441151880758558720
DA:521,1441151880758558720
DA:526,0
DA:529,0
DA:530,360287970189639680
DA:532,720575940379279360
DA:535,360287970189639680
DA:536,360287970189639680
DA:540,0
DA:544,288230376151711744
DA:549,864691128455135232
DA:550,864691128455135232
DA:552,1008806316530991104
DA:553,2161727821137838080
DA:554,2161727821137838080
DA:556,1369094286720630784
DA:557,72057594037927936
DA:558,72057594037927936
DA:559,72057594037927936
DA:560,72057594037927936
DA:565,0
DA:566,0
DA:569,216172782113783808
DA:573,72057594037927936
DA:578,360287970189639680
DA:580,0
DA:581,0
DA:582,0
DA:584,144115188075855872
DA:585,0
DA:586,0
DA:587,864691128455135232
DA:588,0
DA:589,0
DA:590,0
DA:591,864691128455135232
DA:592,0
DA:593,0
DA:595,0
DA:596,0
DA:597,0
DA:599,0
DA:600,288230376151711744
DA:602,0
DA:604,0
DA:605,288230376151711744
DA:607,0
DA:609,0
DA:610,576460752303423488
DA:612,0
DA:616,0
DA:617,0
DA:618,0
DA:620,0
DA:621,0
DA:622,0
DA:623,0
DA:624,0
DA:625,0
DA:626,0
DA:631,72057594037927936
DA:636,288230376151711744
DA:637,72057594037927936
DA:638,0
DA:639,72057594037927936
DA:640,0
DA:641,0
DA:642,0
DA:643,0
DA:647,144115188075855872
DA:653,1152921504606846976
DA:654,432345564227567616
DA:656,216172782113783808
DA:657,144115188075855872
DA:661,0
LF:279
LH:60
end_of_record
